This is pdfTeX, Version 3.14159265-2.6-1.40.18 (TeX Live 2017) (preloaded format=pdflatex 2017.11.5)  4 NOV 2020 13:25
entering extended mode
 restricted \write18 enabled.
 %&-line parsing enabled.
**parfrey_talk.tex
(./parfrey_talk.tex
LaTeX2e <2017-04-15>
Babel <3.14> and hyphenation patterns for 84 language(s) loaded.
(/usr/local/texlive/2017/texmf-dist/tex/latex/beamer/beamer.cls
Document Class: beamer 2017/08/22 v3.43 A class for typesetting presentations
(/usr/local/texlive/2017/texmf-dist/tex/latex/beamer/beamerbasemodes.sty
(/usr/local/texlive/2017/texmf-dist/tex/latex/etoolbox/etoolbox.sty
Package: etoolbox 2017/01/02 v2.4 e-TeX tools for LaTeX (JAW)
\etb@tempcnta=\count79
)
\beamer@tempbox=\box26
\beamer@tempcount=\count80
\c@beamerpauses=\count81

(/usr/local/texlive/2017/texmf-dist/tex/latex/beamer/beamerbasedecode.sty
\beamer@slideinframe=\count82
\beamer@minimum=\count83
)
\beamer@commentbox=\box27
\beamer@modecount=\count84
)
(/usr/local/texlive/2017/texmf-dist/tex/generic/oberdiek/ifpdf.sty
Package: ifpdf 2017/03/15 v3.2 Provides the ifpdf switch
)
\headdp=\dimen102
\footheight=\dimen103
\sidebarheight=\dimen104
\beamer@tempdim=\dimen105
\beamer@finalheight=\dimen106
\beamer@animht=\dimen107
\beamer@animdp=\dimen108
\beamer@animwd=\dimen109
\beamer@leftmargin=\dimen110
\beamer@rightmargin=\dimen111
\beamer@leftsidebar=\dimen112
\beamer@rightsidebar=\dimen113
\beamer@boxsize=\dimen114
\beamer@vboxoffset=\dimen115
\beamer@descdefault=\dimen116
\beamer@descriptionwidth=\dimen117
\beamer@lastskip=\skip41
\beamer@areabox=\box28
\beamer@animcurrent=\box29
\beamer@animshowbox=\box30
\beamer@sectionbox=\box31
\beamer@logobox=\box32
\beamer@linebox=\box33
\beamer@sectioncount=\count85
\beamer@subsubsectionmax=\count86
\beamer@subsectionmax=\count87
\beamer@sectionmax=\count88
\beamer@totalheads=\count89
\beamer@headcounter=\count90
\beamer@partstartpage=\count91
\beamer@sectionstartpage=\count92
\beamer@subsectionstartpage=\count93
\beamer@animationtempa=\count94
\beamer@animationtempb=\count95
\beamer@xpos=\count96
\beamer@ypos=\count97
\beamer@showpartnumber=\count98
\beamer@currentsubsection=\count99
\beamer@coveringdepth=\count100
\beamer@sectionadjust=\count101
\beamer@tocsectionnumber=\count102

(/usr/local/texlive/2017/texmf-dist/tex/latex/beamer/beamerbaseoptions.sty
(/usr/local/texlive/2017/texmf-dist/tex/latex/graphics/keyval.sty
Package: keyval 2014/10/28 v1.15 key=value parser (DPC)
\KV@toks@=\toks14
))
\beamer@paperwidth=\skip42
\beamer@paperheight=\skip43

(/usr/local/texlive/2017/texmf-dist/tex/latex/geometry/geometry.sty
Package: geometry 2010/09/12 v5.6 Page Geometry

(/usr/local/texlive/2017/texmf-dist/tex/generic/oberdiek/ifvtex.sty
Package: ifvtex 2016/05/16 v1.6 Detect VTeX and its facilities (HO)
Package ifvtex Info: VTeX not detected.
)
(/usr/local/texlive/2017/texmf-dist/tex/generic/ifxetex/ifxetex.sty
Package: ifxetex 2010/09/12 v0.6 Provides ifxetex conditional
)
\Gm@cnth=\count103
\Gm@cntv=\count104
\c@Gm@tempcnt=\count105
\Gm@bindingoffset=\dimen118
\Gm@wd@mp=\dimen119
\Gm@odd@mp=\dimen120
\Gm@even@mp=\dimen121
\Gm@layoutwidth=\dimen122
\Gm@layoutheight=\dimen123
\Gm@layouthoffset=\dimen124
\Gm@layoutvoffset=\dimen125
\Gm@dimlist=\toks15
)
(/usr/local/texlive/2017/texmf-dist/tex/latex/base/size11.clo
File: size11.clo 2014/09/29 v1.4h Standard LaTeX file (size option)
)
(/usr/local/texlive/2017/texmf-dist/tex/latex/pgf/basiclayer/pgfcore.sty
(/usr/local/texlive/2017/texmf-dist/tex/latex/graphics/graphicx.sty
Package: graphicx 2017/06/01 v1.1a Enhanced LaTeX Graphics (DPC,SPQR)

(/usr/local/texlive/2017/texmf-dist/tex/latex/graphics/graphics.sty
Package: graphics 2017/06/25 v1.2c Standard LaTeX Graphics (DPC,SPQR)

(/usr/local/texlive/2017/texmf-dist/tex/latex/graphics/trig.sty
Package: trig 2016/01/03 v1.10 sin cos tan (DPC)
)
(/usr/local/texlive/2017/texmf-dist/tex/latex/graphics-cfg/graphics.cfg
File: graphics.cfg 2016/06/04 v1.11 sample graphics configuration
)
Package graphics Info: Driver file: pdftex.def on input line 99.

(/usr/local/texlive/2017/texmf-dist/tex/latex/graphics-def/pdftex.def
File: pdftex.def 2017/06/24 v1.0g Graphics/color driver for pdftex
))
\Gin@req@height=\dimen126
\Gin@req@width=\dimen127
)
(/usr/local/texlive/2017/texmf-dist/tex/latex/pgf/systemlayer/pgfsys.sty
(/usr/local/texlive/2017/texmf-dist/tex/latex/pgf/utilities/pgfrcs.sty
(/usr/local/texlive/2017/texmf-dist/tex/generic/pgf/utilities/pgfutil-common.te
x
\pgfutil@everybye=\toks16
\pgfutil@tempdima=\dimen128
\pgfutil@tempdimb=\dimen129

(/usr/local/texlive/2017/texmf-dist/tex/generic/pgf/utilities/pgfutil-common-li
sts.tex))
(/usr/local/texlive/2017/texmf-dist/tex/generic/pgf/utilities/pgfutil-latex.def
\pgfutil@abb=\box34
(/usr/local/texlive/2017/texmf-dist/tex/latex/ms/everyshi.sty
Package: everyshi 2001/05/15 v3.00 EveryShipout Package (MS)
))
(/usr/local/texlive/2017/texmf-dist/tex/generic/pgf/utilities/pgfrcs.code.tex
Package: pgfrcs 2015/08/07 v3.0.1a (rcs-revision 1.31)
))
(/usr/local/texlive/2017/texmf-dist/tex/generic/pgf/systemlayer/pgfsys.code.tex
Package: pgfsys 2014/07/09 v3.0.1a (rcs-revision 1.48)
(/usr/local/texlive/2017/texmf-dist/tex/generic/pgf/utilities/pgfkeys.code.tex
\pgfkeys@pathtoks=\toks17
\pgfkeys@temptoks=\toks18

(/usr/local/texlive/2017/texmf-dist/tex/generic/pgf/utilities/pgfkeysfiltered.c
ode.tex
\pgfkeys@tmptoks=\toks19
))
\pgf@x=\dimen130
\pgf@y=\dimen131
\pgf@xa=\dimen132
\pgf@ya=\dimen133
\pgf@xb=\dimen134
\pgf@yb=\dimen135
\pgf@xc=\dimen136
\pgf@yc=\dimen137
\w@pgf@writea=\write3
\r@pgf@reada=\read1
\c@pgf@counta=\count106
\c@pgf@countb=\count107
\c@pgf@countc=\count108
\c@pgf@countd=\count109
\t@pgf@toka=\toks20
\t@pgf@tokb=\toks21
\t@pgf@tokc=\toks22

(/usr/local/texlive/2017/texmf-dist/tex/generic/pgf/systemlayer/pgf.cfg
File: pgf.cfg 2008/05/14  (rcs-revision 1.7)
)
Driver file for pgf: pgfsys-pdftex.def

(/usr/local/texlive/2017/texmf-dist/tex/generic/pgf/systemlayer/pgfsys-pdftex.d
ef
File: pgfsys-pdftex.def 2014/10/11  (rcs-revision 1.35)

(/usr/local/texlive/2017/texmf-dist/tex/generic/pgf/systemlayer/pgfsys-common-p
df.def
File: pgfsys-common-pdf.def 2013/10/10  (rcs-revision 1.13)
)))
(/usr/local/texlive/2017/texmf-dist/tex/generic/pgf/systemlayer/pgfsyssoftpath.
code.tex
File: pgfsyssoftpath.code.tex 2013/09/09  (rcs-revision 1.9)
\pgfsyssoftpath@smallbuffer@items=\count110
\pgfsyssoftpath@bigbuffer@items=\count111
)
(/usr/local/texlive/2017/texmf-dist/tex/generic/pgf/systemlayer/pgfsysprotocol.
code.tex
File: pgfsysprotocol.code.tex 2006/10/16  (rcs-revision 1.4)
)) (/usr/local/texlive/2017/texmf-dist/tex/latex/xcolor/xcolor.sty
Package: xcolor 2016/05/11 v2.12 LaTeX color extensions (UK)

(/usr/local/texlive/2017/texmf-dist/tex/latex/graphics-cfg/color.cfg
File: color.cfg 2016/01/02 v1.6 sample color configuration
)
Package xcolor Info: Driver file: pdftex.def on input line 225.
Package xcolor Info: Model `cmy' substituted by `cmy0' on input line 1348.
Package xcolor Info: Model `hsb' substituted by `rgb' on input line 1352.
Package xcolor Info: Model `RGB' extended on input line 1364.
Package xcolor Info: Model `HTML' substituted by `rgb' on input line 1366.
Package xcolor Info: Model `Hsb' substituted by `hsb' on input line 1367.
Package xcolor Info: Model `tHsb' substituted by `hsb' on input line 1368.
Package xcolor Info: Model `HSB' substituted by `hsb' on input line 1369.
Package xcolor Info: Model `Gray' substituted by `gray' on input line 1370.
Package xcolor Info: Model `wave' substituted by `hsb' on input line 1371.
)
(/usr/local/texlive/2017/texmf-dist/tex/generic/pgf/basiclayer/pgfcore.code.tex
Package: pgfcore 2010/04/11 v3.0.1a (rcs-revision 1.7)
(/usr/local/texlive/2017/texmf-dist/tex/generic/pgf/math/pgfmath.code.tex
(/usr/local/texlive/2017/texmf-dist/tex/generic/pgf/math/pgfmathcalc.code.tex
(/usr/local/texlive/2017/texmf-dist/tex/generic/pgf/math/pgfmathutil.code.tex)
(/usr/local/texlive/2017/texmf-dist/tex/generic/pgf/math/pgfmathparser.code.tex
\pgfmath@dimen=\dimen138
\pgfmath@count=\count112
\pgfmath@box=\box35
\pgfmath@toks=\toks23
\pgfmath@stack@operand=\toks24
\pgfmath@stack@operation=\toks25
)
(/usr/local/texlive/2017/texmf-dist/tex/generic/pgf/math/pgfmathfunctions.code.
tex
(/usr/local/texlive/2017/texmf-dist/tex/generic/pgf/math/pgfmathfunctions.basic
.code.tex)
(/usr/local/texlive/2017/texmf-dist/tex/generic/pgf/math/pgfmathfunctions.trigo
nometric.code.tex)
(/usr/local/texlive/2017/texmf-dist/tex/generic/pgf/math/pgfmathfunctions.rando
m.code.tex)
(/usr/local/texlive/2017/texmf-dist/tex/generic/pgf/math/pgfmathfunctions.compa
rison.code.tex)
(/usr/local/texlive/2017/texmf-dist/tex/generic/pgf/math/pgfmathfunctions.base.
code.tex)
(/usr/local/texlive/2017/texmf-dist/tex/generic/pgf/math/pgfmathfunctions.round
.code.tex)
(/usr/local/texlive/2017/texmf-dist/tex/generic/pgf/math/pgfmathfunctions.misc.
code.tex)
(/usr/local/texlive/2017/texmf-dist/tex/generic/pgf/math/pgfmathfunctions.integ
erarithmetics.code.tex)))
(/usr/local/texlive/2017/texmf-dist/tex/generic/pgf/math/pgfmathfloat.code.tex
\c@pgfmathroundto@lastzeros=\count113
))
(/usr/local/texlive/2017/texmf-dist/tex/generic/pgf/basiclayer/pgfcorepoints.co
de.tex
File: pgfcorepoints.code.tex 2013/10/07  (rcs-revision 1.27)
\pgf@picminx=\dimen139
\pgf@picmaxx=\dimen140
\pgf@picminy=\dimen141
\pgf@picmaxy=\dimen142
\pgf@pathminx=\dimen143
\pgf@pathmaxx=\dimen144
\pgf@pathminy=\dimen145
\pgf@pathmaxy=\dimen146
\pgf@xx=\dimen147
\pgf@xy=\dimen148
\pgf@yx=\dimen149
\pgf@yy=\dimen150
\pgf@zx=\dimen151
\pgf@zy=\dimen152
)
(/usr/local/texlive/2017/texmf-dist/tex/generic/pgf/basiclayer/pgfcorepathconst
ruct.code.tex
File: pgfcorepathconstruct.code.tex 2013/10/07  (rcs-revision 1.29)
\pgf@path@lastx=\dimen153
\pgf@path@lasty=\dimen154
)
(/usr/local/texlive/2017/texmf-dist/tex/generic/pgf/basiclayer/pgfcorepathusage
.code.tex
File: pgfcorepathusage.code.tex 2014/11/02  (rcs-revision 1.24)
\pgf@shorten@end@additional=\dimen155
\pgf@shorten@start@additional=\dimen156
)
(/usr/local/texlive/2017/texmf-dist/tex/generic/pgf/basiclayer/pgfcorescopes.co
de.tex
File: pgfcorescopes.code.tex 2015/05/08  (rcs-revision 1.46)
\pgfpic=\box36
\pgf@hbox=\box37
\pgf@layerbox@main=\box38
\pgf@picture@serial@count=\count114
)
(/usr/local/texlive/2017/texmf-dist/tex/generic/pgf/basiclayer/pgfcoregraphicst
ate.code.tex
File: pgfcoregraphicstate.code.tex 2014/11/02  (rcs-revision 1.12)
\pgflinewidth=\dimen157
)
(/usr/local/texlive/2017/texmf-dist/tex/generic/pgf/basiclayer/pgfcoretransform
ations.code.tex
File: pgfcoretransformations.code.tex 2015/08/07  (rcs-revision 1.20)
\pgf@pt@x=\dimen158
\pgf@pt@y=\dimen159
\pgf@pt@temp=\dimen160
)
(/usr/local/texlive/2017/texmf-dist/tex/generic/pgf/basiclayer/pgfcorequick.cod
e.tex
File: pgfcorequick.code.tex 2008/10/09  (rcs-revision 1.3)
)
(/usr/local/texlive/2017/texmf-dist/tex/generic/pgf/basiclayer/pgfcoreobjects.c
ode.tex
File: pgfcoreobjects.code.tex 2006/10/11  (rcs-revision 1.2)
)
(/usr/local/texlive/2017/texmf-dist/tex/generic/pgf/basiclayer/pgfcorepathproce
ssing.code.tex
File: pgfcorepathprocessing.code.tex 2013/09/09  (rcs-revision 1.9)
)
(/usr/local/texlive/2017/texmf-dist/tex/generic/pgf/basiclayer/pgfcorearrows.co
de.tex
File: pgfcorearrows.code.tex 2015/05/14  (rcs-revision 1.43)
\pgfarrowsep=\dimen161
)
(/usr/local/texlive/2017/texmf-dist/tex/generic/pgf/basiclayer/pgfcoreshade.cod
e.tex
File: pgfcoreshade.code.tex 2013/07/15  (rcs-revision 1.15)
\pgf@max=\dimen162
\pgf@sys@shading@range@num=\count115
)
(/usr/local/texlive/2017/texmf-dist/tex/generic/pgf/basiclayer/pgfcoreimage.cod
e.tex
File: pgfcoreimage.code.tex 2013/07/15  (rcs-revision 1.18)

(/usr/local/texlive/2017/texmf-dist/tex/generic/pgf/basiclayer/pgfcoreexternal.
code.tex
File: pgfcoreexternal.code.tex 2014/07/09  (rcs-revision 1.21)
\pgfexternal@startupbox=\box39
))
(/usr/local/texlive/2017/texmf-dist/tex/generic/pgf/basiclayer/pgfcorelayers.co
de.tex
File: pgfcorelayers.code.tex 2013/07/18  (rcs-revision 1.7)
)
(/usr/local/texlive/2017/texmf-dist/tex/generic/pgf/basiclayer/pgfcoretranspare
ncy.code.tex
File: pgfcoretransparency.code.tex 2013/09/30  (rcs-revision 1.5)
)
(/usr/local/texlive/2017/texmf-dist/tex/generic/pgf/basiclayer/pgfcorepatterns.
code.tex
File: pgfcorepatterns.code.tex 2013/11/07  (rcs-revision 1.5)
)))
(/usr/local/texlive/2017/texmf-dist/tex/latex/pgf/utilities/xxcolor.sty
Package: xxcolor 2003/10/24 ver 0.1
\XC@nummixins=\count116
\XC@countmixins=\count117
)
(/usr/local/texlive/2017/texmf-dist/tex/generic/oberdiek/atbegshi.sty
Package: atbegshi 2016/06/09 v1.18 At begin shipout hook (HO)

(/usr/local/texlive/2017/texmf-dist/tex/generic/oberdiek/infwarerr.sty
Package: infwarerr 2016/05/16 v1.4 Providing info/warning/error messages (HO)
)
(/usr/local/texlive/2017/texmf-dist/tex/generic/oberdiek/ltxcmds.sty
Package: ltxcmds 2016/05/16 v1.23 LaTeX kernel commands for general use (HO)
))
(/usr/local/texlive/2017/texmf-dist/tex/latex/hyperref/hyperref.sty
Package: hyperref 2017/03/14 v6.85a Hypertext links for LaTeX

(/usr/local/texlive/2017/texmf-dist/tex/generic/oberdiek/hobsub-hyperref.sty
Package: hobsub-hyperref 2016/05/16 v1.14 Bundle oberdiek, subset hyperref (HO)


(/usr/local/texlive/2017/texmf-dist/tex/generic/oberdiek/hobsub-generic.sty
Package: hobsub-generic 2016/05/16 v1.14 Bundle oberdiek, subset generic (HO)
Package: hobsub 2016/05/16 v1.14 Construct package bundles (HO)
Package hobsub Info: Skipping package `infwarerr' (already loaded).
Package hobsub Info: Skipping package `ltxcmds' (already loaded).
Package: ifluatex 2016/05/16 v1.4 Provides the ifluatex switch (HO)
Package ifluatex Info: LuaTeX not detected.
Package hobsub Info: Skipping package `ifvtex' (already loaded).
Package: intcalc 2016/05/16 v1.2 Expandable calculations with integers (HO)
Package hobsub Info: Skipping package `ifpdf' (already loaded).
Package: etexcmds 2016/05/16 v1.6 Avoid name clashes with e-TeX commands (HO)
Package etexcmds Info: Could not find \expanded.
(etexcmds)             That can mean that you are not using pdfTeX 1.50 or
(etexcmds)             that some package has redefined \expanded.
(etexcmds)             In the latter case, load this package earlier.
Package: kvsetkeys 2016/05/16 v1.17 Key value parser (HO)
Package: kvdefinekeys 2016/05/16 v1.4 Define keys (HO)
Package: pdftexcmds 2017/03/19 v0.25 Utility functions of pdfTeX for LuaTeX (HO
)
Package pdftexcmds Info: LuaTeX not detected.
Package pdftexcmds Info: \pdf@primitive is available.
Package pdftexcmds Info: \pdf@ifprimitive is available.
Package pdftexcmds Info: \pdfdraftmode found.
Package: pdfescape 2016/05/16 v1.14 Implements pdfTeX's escape features (HO)
Package: bigintcalc 2016/05/16 v1.4 Expandable calculations on big integers (HO
)
Package: bitset 2016/05/16 v1.2 Handle bit-vector datatype (HO)
Package: uniquecounter 2016/05/16 v1.3 Provide unlimited unique counter (HO)
)
Package hobsub Info: Skipping package `hobsub' (already loaded).
Package: letltxmacro 2016/05/16 v1.5 Let assignment for LaTeX macros (HO)
Package: hopatch 2016/05/16 v1.3 Wrapper for package hooks (HO)
Package: xcolor-patch 2016/05/16 xcolor patch
Package: atveryend 2016/05/16 v1.9 Hooks at the very end of document (HO)
Package hobsub Info: Skipping package `atbegshi' (already loaded).
Package: refcount 2016/05/16 v3.5 Data extraction from label references (HO)
Package: hycolor 2016/05/16 v1.8 Color options for hyperref/bookmark (HO)
)
(/usr/local/texlive/2017/texmf-dist/tex/latex/oberdiek/auxhook.sty
Package: auxhook 2016/05/16 v1.4 Hooks for auxiliary files (HO)
)
(/usr/local/texlive/2017/texmf-dist/tex/latex/oberdiek/kvoptions.sty
Package: kvoptions 2016/05/16 v3.12 Key value format for package options (HO)
)
\@linkdim=\dimen163
\Hy@linkcounter=\count118
\Hy@pagecounter=\count119

(/usr/local/texlive/2017/texmf-dist/tex/latex/hyperref/pd1enc.def
File: pd1enc.def 2017/03/14 v6.85a Hyperref: PDFDocEncoding definition (HO)
)
\Hy@SavedSpaceFactor=\count120

(/usr/local/texlive/2017/texmf-dist/tex/latex/latexconfig/hyperref.cfg
File: hyperref.cfg 2002/06/06 v1.2 hyperref configuration of TeXLive
)
Package hyperref Info: Option `bookmarks' set `true' on input line 4374.
Package hyperref Info: Option `bookmarksopen' set `true' on input line 4374.
Package hyperref Info: Option `implicit' set `false' on input line 4374.
Package hyperref Info: Hyper figures OFF on input line 4498.
Package hyperref Info: Link nesting OFF on input line 4503.
Package hyperref Info: Hyper index ON on input line 4506.
Package hyperref Info: Plain pages OFF on input line 4513.
Package hyperref Info: Backreferencing OFF on input line 4518.
Package hyperref Info: Implicit mode OFF; no redefinition of LaTeX internals.
Package hyperref Info: Bookmarks ON on input line 4751.
\c@Hy@tempcnt=\count121

(/usr/local/texlive/2017/texmf-dist/tex/latex/url/url.sty
\Urlmuskip=\muskip10
Package: url 2013/09/16  ver 3.4  Verb mode for urls, etc.
)
LaTeX Info: Redefining \url on input line 5104.
\XeTeXLinkMargin=\dimen164
\Fld@menulength=\count122
\Field@Width=\dimen165
\Fld@charsize=\dimen166
Package hyperref Info: Hyper figures OFF on input line 6358.
Package hyperref Info: Link nesting OFF on input line 6363.
Package hyperref Info: Hyper index ON on input line 6366.
Package hyperref Info: backreferencing OFF on input line 6373.
Package hyperref Info: Link coloring OFF on input line 6378.
Package hyperref Info: Link coloring with OCG OFF on input line 6383.
Package hyperref Info: PDF/A mode OFF on input line 6388.
LaTeX Info: Redefining \ref on input line 6428.
LaTeX Info: Redefining \pageref on input line 6432.
\Hy@abspage=\count123


Package hyperref Message: Stopped early.

)

Package hyperref Message: Driver (autodetected): hpdftex.

(/usr/local/texlive/2017/texmf-dist/tex/latex/hyperref/hpdftex.def
File: hpdftex.def 2017/03/14 v6.85a Hyperref driver for pdfTeX
\Fld@listcount=\count124
\c@bookmark@seq@number=\count125

(/usr/local/texlive/2017/texmf-dist/tex/latex/oberdiek/rerunfilecheck.sty
Package: rerunfilecheck 2016/05/16 v1.8 Rerun checks for auxiliary files (HO)
Package uniquecounter Info: New unique counter `rerunfilecheck' on input line 2
82.
))
(/usr/local/texlive/2017/texmf-dist/tex/latex/beamer/beamerbaserequires.sty
(/usr/local/texlive/2017/texmf-dist/tex/latex/beamer/beamerbasecompatibility.st
y) (/usr/local/texlive/2017/texmf-dist/tex/latex/beamer/beamerbasefont.sty
(/usr/local/texlive/2017/texmf-dist/tex/latex/amsfonts/amssymb.sty
Package: amssymb 2013/01/14 v3.01 AMS font symbols

(/usr/local/texlive/2017/texmf-dist/tex/latex/amsfonts/amsfonts.sty
Package: amsfonts 2013/01/14 v3.01 Basic AMSFonts support
\@emptytoks=\toks26
\symAMSa=\mathgroup4
\symAMSb=\mathgroup5
LaTeX Font Info:    Overwriting math alphabet `\mathfrak' in version `bold'
(Font)                  U/euf/m/n --> U/euf/b/n on input line 106.
))
(/usr/local/texlive/2017/texmf-dist/tex/latex/sansmathaccent/sansmathaccent.sty
Package: sansmathaccent 2013/03/28
(/usr/local/texlive/2017/texmf-dist/tex/latex/filehook/filehook.sty
Package: filehook 2011/10/12 v0.5d Hooks for input files
)))
(/usr/local/texlive/2017/texmf-dist/tex/latex/beamer/beamerbasetranslator.sty
(/usr/local/texlive/2017/texmf-dist/tex/latex/beamer/translator/translator.sty
Package: translator 2010/06/12 ver 1.10

(/usr/local/texlive/2017/texmf-dist/tex/latex/beamer/translator/translator-lang
uage-mappings.tex)))
(/usr/local/texlive/2017/texmf-dist/tex/latex/beamer/beamerbasemisc.sty)
(/usr/local/texlive/2017/texmf-dist/tex/latex/beamer/beamerbasetwoscreens.sty)
(/usr/local/texlive/2017/texmf-dist/tex/latex/beamer/beamerbaseoverlay.sty
\beamer@argscount=\count126
\beamer@lastskipcover=\skip44
\beamer@trivlistdepth=\count127
)
(/usr/local/texlive/2017/texmf-dist/tex/latex/beamer/beamerbasetitle.sty)
(/usr/local/texlive/2017/texmf-dist/tex/latex/beamer/beamerbasesection.sty
\c@lecture=\count128
\c@part=\count129
\c@section=\count130
\c@subsection=\count131
\c@subsubsection=\count132
)
(/usr/local/texlive/2017/texmf-dist/tex/latex/beamer/beamerbaseframe.sty
\beamer@framebox=\box40
\beamer@frametitlebox=\box41
\beamer@zoombox=\box42
\beamer@zoomcount=\count133
\beamer@zoomframecount=\count134
\beamer@frametextheight=\dimen167
\c@subsectionslide=\count135
\beamer@frametopskip=\skip45
\beamer@framebottomskip=\skip46
\beamer@frametopskipautobreak=\skip47
\beamer@framebottomskipautobreak=\skip48
\beamer@envbody=\toks27
\framewidth=\dimen168
\c@framenumber=\count136
)
(/usr/local/texlive/2017/texmf-dist/tex/latex/beamer/beamerbaseverbatim.sty
\beamer@verbatimfileout=\write4
)
(/usr/local/texlive/2017/texmf-dist/tex/latex/beamer/beamerbaseframesize.sty
\beamer@splitbox=\box43
\beamer@autobreakcount=\count137
\beamer@autobreaklastheight=\dimen169
\beamer@frametitletoks=\toks28
\beamer@framesubtitletoks=\toks29
)
(/usr/local/texlive/2017/texmf-dist/tex/latex/beamer/beamerbaseframecomponents.
sty
\beamer@footins=\box44
) (/usr/local/texlive/2017/texmf-dist/tex/latex/beamer/beamerbasecolor.sty
\beamer@bg@ht=\dimen170
\beamer@bg@wd=\dimen171
\beamer@bg@dp=\dimen172
)
(/usr/local/texlive/2017/texmf-dist/tex/latex/beamer/beamerbasenotes.sty
\beamer@frameboxcopy=\box45
)
(/usr/local/texlive/2017/texmf-dist/tex/latex/beamer/beamerbasetoc.sty)
(/usr/local/texlive/2017/texmf-dist/tex/latex/beamer/beamerbasetemplates.sty
\beamer@sbttoks=\toks30

(/usr/local/texlive/2017/texmf-dist/tex/latex/beamer/beamerbaseauxtemplates.sty
(/usr/local/texlive/2017/texmf-dist/tex/latex/beamer/beamerbaseboxes.sty
\bmb@box=\box46
\bmb@colorbox=\box47
\bmb@boxshadow=\box48
\bmb@boxshadowball=\box49
\bmb@boxshadowballlarge=\box50
\bmb@temp=\dimen173
\bmb@dima=\dimen174
\bmb@dimb=\dimen175
\bmb@prevheight=\dimen176
)
\beamer@blockheadheight=\dimen177
))
(/usr/local/texlive/2017/texmf-dist/tex/latex/beamer/beamerbaselocalstructure.s
ty (/usr/local/texlive/2017/texmf-dist/tex/latex/tools/enumerate.sty
Package: enumerate 2015/07/23 v3.00 enumerate extensions (DPC)
\@enLab=\toks31
)
\c@figure=\count138
\c@table=\count139
\abovecaptionskip=\skip49
\belowcaptionskip=\skip50
)
(/usr/local/texlive/2017/texmf-dist/tex/latex/beamer/beamerbasenavigation.sty
\beamer@section@min@dim=\dimen178
)
(/usr/local/texlive/2017/texmf-dist/tex/latex/beamer/beamerbasetheorems.sty
(/usr/local/texlive/2017/texmf-dist/tex/latex/amsmath/amsmath.sty
Package: amsmath 2017/09/02 v2.17a AMS math features
\@mathmargin=\skip51

For additional information on amsmath, use the `?' option.
(/usr/local/texlive/2017/texmf-dist/tex/latex/amsmath/amstext.sty
Package: amstext 2000/06/29 v2.01 AMS text

(/usr/local/texlive/2017/texmf-dist/tex/latex/amsmath/amsgen.sty
File: amsgen.sty 1999/11/30 v2.0 generic functions
\@emptytoks=\toks32
\ex@=\dimen179
))
(/usr/local/texlive/2017/texmf-dist/tex/latex/amsmath/amsbsy.sty
Package: amsbsy 1999/11/29 v1.2d Bold Symbols
\pmbraise@=\dimen180
)
(/usr/local/texlive/2017/texmf-dist/tex/latex/amsmath/amsopn.sty
Package: amsopn 2016/03/08 v2.02 operator names
)
\inf@bad=\count140
LaTeX Info: Redefining \frac on input line 213.
\uproot@=\count141
\leftroot@=\count142
LaTeX Info: Redefining \overline on input line 375.
\classnum@=\count143
\DOTSCASE@=\count144
LaTeX Info: Redefining \ldots on input line 472.
LaTeX Info: Redefining \dots on input line 475.
LaTeX Info: Redefining \cdots on input line 596.
\Mathstrutbox@=\box51
\strutbox@=\box52
\big@size=\dimen181
LaTeX Font Info:    Redeclaring font encoding OML on input line 712.
LaTeX Font Info:    Redeclaring font encoding OMS on input line 713.
\macc@depth=\count145
\c@MaxMatrixCols=\count146
\dotsspace@=\muskip11
\c@parentequation=\count147
\dspbrk@lvl=\count148
\tag@help=\toks33
\row@=\count149
\column@=\count150
\maxfields@=\count151
\andhelp@=\toks34
\eqnshift@=\dimen182
\alignsep@=\dimen183
\tagshift@=\dimen184
\tagwidth@=\dimen185
\totwidth@=\dimen186
\lineht@=\dimen187
\@envbody=\toks35
\multlinegap=\skip52
\multlinetaggap=\skip53
\mathdisplay@stack=\toks36
LaTeX Info: Redefining \[ on input line 2817.
LaTeX Info: Redefining \] on input line 2818.
)
(/usr/local/texlive/2017/texmf-dist/tex/latex/amscls/amsthm.sty
Package: amsthm 2015/03/04 v2.20.2
\thm@style=\toks37
\thm@bodyfont=\toks38
\thm@headfont=\toks39
\thm@notefont=\toks40
\thm@headpunct=\toks41
\thm@preskip=\skip54
\thm@postskip=\skip55
\thm@headsep=\skip56
\dth@everypar=\toks42
)
\c@theorem=\count152
)
(/usr/local/texlive/2017/texmf-dist/tex/latex/beamer/beamerbasethemes.sty))
(/usr/local/texlive/2017/texmf-dist/tex/latex/beamer/themes/theme/beamerthemede
fault.sty
(/usr/local/texlive/2017/texmf-dist/tex/latex/beamer/themes/font/beamerfontthem
edefault.sty)
(/usr/local/texlive/2017/texmf-dist/tex/latex/beamer/themes/color/beamercolorth
emedefault.sty)
(/usr/local/texlive/2017/texmf-dist/tex/latex/beamer/themes/inner/beamerinnerth
emedefault.sty
\beamer@dima=\dimen188
\beamer@dimb=\dimen189
)
(/usr/local/texlive/2017/texmf-dist/tex/latex/beamer/themes/outer/beamerouterth
emedefault.sty)))
(/usr/local/texlive/2017/texmf-dist/tex/latex/pgf/frontendlayer/tikz.sty
(/usr/local/texlive/2017/texmf-dist/tex/latex/pgf/basiclayer/pgf.sty
Package: pgf 2015/08/07 v3.0.1a (rcs-revision 1.15)

(/usr/local/texlive/2017/texmf-dist/tex/generic/pgf/modules/pgfmoduleshapes.cod
e.tex
File: pgfmoduleshapes.code.tex 2014/03/21  (rcs-revision 1.35)
\pgfnodeparttextbox=\box53
)
(/usr/local/texlive/2017/texmf-dist/tex/generic/pgf/modules/pgfmoduleplot.code.
tex
File: pgfmoduleplot.code.tex 2015/08/03  (rcs-revision 1.13)
)
(/usr/local/texlive/2017/texmf-dist/tex/latex/pgf/compatibility/pgfcomp-version
-0-65.sty
Package: pgfcomp-version-0-65 2007/07/03 v3.0.1a (rcs-revision 1.7)
\pgf@nodesepstart=\dimen190
\pgf@nodesepend=\dimen191
)
(/usr/local/texlive/2017/texmf-dist/tex/latex/pgf/compatibility/pgfcomp-version
-1-18.sty
Package: pgfcomp-version-1-18 2007/07/23 v3.0.1a (rcs-revision 1.1)
))
(/usr/local/texlive/2017/texmf-dist/tex/latex/pgf/utilities/pgffor.sty
(/usr/local/texlive/2017/texmf-dist/tex/latex/pgf/utilities/pgfkeys.sty
(/usr/local/texlive/2017/texmf-dist/tex/generic/pgf/utilities/pgfkeys.code.tex)
) (/usr/local/texlive/2017/texmf-dist/tex/latex/pgf/math/pgfmath.sty
(/usr/local/texlive/2017/texmf-dist/tex/generic/pgf/math/pgfmath.code.tex))
(/usr/local/texlive/2017/texmf-dist/tex/generic/pgf/utilities/pgffor.code.tex
Package: pgffor 2013/12/13 v3.0.1a (rcs-revision 1.25)

(/usr/local/texlive/2017/texmf-dist/tex/generic/pgf/math/pgfmath.code.tex)
\pgffor@iter=\dimen192
\pgffor@skip=\dimen193
\pgffor@stack=\toks43
\pgffor@toks=\toks44
))
(/usr/local/texlive/2017/texmf-dist/tex/generic/pgf/frontendlayer/tikz/tikz.cod
e.tex
Package: tikz 2015/08/07 v3.0.1a (rcs-revision 1.151)

(/usr/local/texlive/2017/texmf-dist/tex/generic/pgf/libraries/pgflibraryplothan
dlers.code.tex
File: pgflibraryplothandlers.code.tex 2013/08/31 v3.0.1a (rcs-revision 1.20)
\pgf@plot@mark@count=\count153
\pgfplotmarksize=\dimen194
)
\tikz@lastx=\dimen195
\tikz@lasty=\dimen196
\tikz@lastxsaved=\dimen197
\tikz@lastysaved=\dimen198
\tikzleveldistance=\dimen199
\tikzsiblingdistance=\dimen256
\tikz@figbox=\box54
\tikz@figbox@bg=\box55
\tikz@tempbox=\box56
\tikz@tempbox@bg=\box57
\tikztreelevel=\count154
\tikznumberofchildren=\count155
\tikznumberofcurrentchild=\count156
\tikz@fig@count=\count157

(/usr/local/texlive/2017/texmf-dist/tex/generic/pgf/modules/pgfmodulematrix.cod
e.tex
File: pgfmodulematrix.code.tex 2013/09/17  (rcs-revision 1.8)
\pgfmatrixcurrentrow=\count158
\pgfmatrixcurrentcolumn=\count159
\pgf@matrix@numberofcolumns=\count160
)
\tikz@expandcount=\count161

(/usr/local/texlive/2017/texmf-dist/tex/generic/pgf/frontendlayer/tikz/librarie
s/tikzlibrarytopaths.code.tex
File: tikzlibrarytopaths.code.tex 2008/06/17 v3.0.1a (rcs-revision 1.2)
)))
(/usr/local/texlive/2017/texmf-dist/tex/latex/oberdiek/grffile.sty
Package: grffile 2016/05/16 v1.17 Extended file name support for graphics (HO)
Package grffile Info: Option `multidot' is set to `true'.
Package grffile Info: Option `extendedchars' is set to `false'.
Package grffile Info: Option `space' is set to `true'.
Package grffile Info: \Gin@ii of package `graphicx' fixed on input line 486.
)

Package hyperref Warning: Token not allowed in a PDF string (PDFDocEncoding):
(hyperref)                removing `\\' on input line 57.


Package hyperref Warning: Token not allowed in a PDF string (PDFDocEncoding):
(hyperref)                removing `\new@ifnextchar' on input line 60.


Package hyperref Warning: Token not allowed in a PDF string (PDFDocEncoding):
(hyperref)                removing `\bigskipamount' on input line 60.


Package hyperref Warning: Token not allowed in a PDF string (PDFDocEncoding):
(hyperref)                removing `\new@ifnextchar' on input line 60.


Package hyperref Warning: Token not allowed in a PDF string (PDFDocEncoding):
(hyperref)                removing `subscript' on input line 60.


Package hyperref Warning: Token not allowed in a PDF string (PDFDocEncoding):
(hyperref)                removing `subscript' on input line 60.

(./parfrey_talk.aux)
\openout1 = `parfrey_talk.aux'.

LaTeX Font Info:    Checking defaults for OML/cmm/m/it on input line 60.
LaTeX Font Info:    ... okay on input line 60.
LaTeX Font Info:    Checking defaults for T1/cmr/m/n on input line 60.
LaTeX Font Info:    ... okay on input line 60.
LaTeX Font Info:    Checking defaults for OT1/cmr/m/n on input line 60.
LaTeX Font Info:    ... okay on input line 60.
LaTeX Font Info:    Checking defaults for OMS/cmsy/m/n on input line 60.
LaTeX Font Info:    ... okay on input line 60.
LaTeX Font Info:    Checking defaults for OMX/cmex/m/n on input line 60.
LaTeX Font Info:    ... okay on input line 60.
LaTeX Font Info:    Checking defaults for U/cmr/m/n on input line 60.
LaTeX Font Info:    ... okay on input line 60.
LaTeX Font Info:    Checking defaults for PD1/pdf/m/n on input line 60.
LaTeX Font Info:    ... okay on input line 60.

*geometry* driver: auto-detecting
*geometry* detected driver: pdftex
*geometry* verbose mode - [ preamble ] result:
* driver: pdftex
* paper: custom
* layout: <same size as paper>
* layoutoffset:(h,v)=(0.0pt,0.0pt)
* modes: includehead includefoot 
* h-part:(L,W,R)=(28.45274pt, 307.28987pt, 28.45274pt)
* v-part:(T,H,B)=(0.0pt, 273.14662pt, 0.0pt)
* \paperwidth=364.19536pt
* \paperheight=273.14662pt
* \textwidth=307.28987pt
* \textheight=244.6939pt
* \oddsidemargin=-43.81725pt
* \evensidemargin=-43.81725pt
* \topmargin=-72.26999pt
* \headheight=14.22636pt
* \headsep=0.0pt
* \topskip=11.0pt
* \footskip=14.22636pt
* \marginparwidth=4.0pt
* \marginparsep=10.0pt
* \columnsep=10.0pt
* \skip\footins=10.0pt plus 4.0pt minus 2.0pt
* \hoffset=0.0pt
* \voffset=0.0pt
* \mag=1000
* \@twocolumnfalse
* \@twosidefalse
* \@mparswitchfalse
* \@reversemarginfalse
* (1in=72.27pt=25.4mm, 1cm=28.453pt)

(/usr/local/texlive/2017/texmf-dist/tex/context/base/mkii/supp-pdf.mkii
[Loading MPS to PDF converter (version 2006.09.02).]
\scratchcounter=\count162
\scratchdimen=\dimen257
\scratchbox=\box58
\nofMPsegments=\count163
\nofMParguments=\count164
\everyMPshowfont=\toks45
\MPscratchCnt=\count165
\MPscratchDim=\dimen258
\MPnumerator=\count166
\makeMPintoPDFobject=\count167
\everyMPtoPDFconversion=\toks46
) (/usr/local/texlive/2017/texmf-dist/tex/latex/oberdiek/epstopdf-base.sty
Package: epstopdf-base 2016/05/15 v2.6 Base part for package epstopdf

(/usr/local/texlive/2017/texmf-dist/tex/latex/oberdiek/grfext.sty
Package: grfext 2016/05/16 v1.2 Manage graphics extensions (HO)
)
Package epstopdf-base Info: Redefining graphics rule for `.eps' on input line 4
38.
Package grfext Info: Graphics extension search list:
(grfext)             [.pdf,.png,.jpg,.mps,.jpeg,.jbig2,.jb2,.PDF,.PNG,.JPG,.JPE
G,.JBIG2,.JB2,.eps]
(grfext)             \AppendGraphicsExtensions on input line 456.

(/usr/local/texlive/2017/texmf-dist/tex/latex/latexconfig/epstopdf-sys.cfg
File: epstopdf-sys.cfg 2010/07/13 v1.3 Configuration of (r)epstopdf for TeX Liv
e
))
ABD: EveryShipout initializing macros
\AtBeginShipoutBox=\box59
Package hyperref Info: Link coloring OFF on input line 60.

(/usr/local/texlive/2017/texmf-dist/tex/latex/hyperref/nameref.sty
Package: nameref 2016/05/21 v2.44 Cross-referencing by name of section

(/usr/local/texlive/2017/texmf-dist/tex/generic/oberdiek/gettitlestring.sty
Package: gettitlestring 2016/05/16 v1.5 Cleanup title references (HO)
)
\c@section@level=\count168
)
LaTeX Info: Redefining \ref on input line 60.
LaTeX Info: Redefining \pageref on input line 60.
LaTeX Info: Redefining \nameref on input line 60.

(./parfrey_talk.out) (./parfrey_talk.out)
\@outlinefile=\write5
\openout5 = `parfrey_talk.out'.

LaTeX Font Info:    Overwriting symbol font `operators' in version `normal'
(Font)                  OT1/cmr/m/n --> OT1/cmss/m/n on input line 60.
LaTeX Font Info:    Overwriting symbol font `operators' in version `bold'
(Font)                  OT1/cmr/bx/n --> OT1/cmss/bx/n on input line 60.
\symnumbers=\mathgroup6
\sympureletters=\mathgroup7
LaTeX Font Info:    Overwriting math alphabet `\mathrm' in version `normal'
(Font)                  OT1/cmss/m/n --> OT1/cmr/m/n on input line 60.
LaTeX Font Info:    Redeclaring math alphabet \mathbf on input line 60.
LaTeX Font Info:    Overwriting math alphabet `\mathbf' in version `normal'
(Font)                  OT1/cmr/bx/n --> OT1/cmss/bx/n on input line 60.
LaTeX Font Info:    Overwriting math alphabet `\mathbf' in version `bold'
(Font)                  OT1/cmr/bx/n --> OT1/cmss/bx/n on input line 60.
LaTeX Font Info:    Redeclaring math alphabet \mathsf on input line 60.
LaTeX Font Info:    Overwriting math alphabet `\mathsf' in version `normal'
(Font)                  OT1/cmss/m/n --> OT1/cmss/m/n on input line 60.
LaTeX Font Info:    Overwriting math alphabet `\mathsf' in version `bold'
(Font)                  OT1/cmss/bx/n --> OT1/cmss/m/n on input line 60.
LaTeX Font Info:    Redeclaring math alphabet \mathit on input line 60.
LaTeX Font Info:    Overwriting math alphabet `\mathit' in version `normal'
(Font)                  OT1/cmr/m/it --> OT1/cmss/m/it on input line 60.
LaTeX Font Info:    Overwriting math alphabet `\mathit' in version `bold'
(Font)                  OT1/cmr/bx/it --> OT1/cmss/m/it on input line 60.
LaTeX Font Info:    Redeclaring math alphabet \mathtt on input line 60.
LaTeX Font Info:    Overwriting math alphabet `\mathtt' in version `normal'
(Font)                  OT1/cmtt/m/n --> OT1/cmtt/m/n on input line 60.
LaTeX Font Info:    Overwriting math alphabet `\mathtt' in version `bold'
(Font)                  OT1/cmtt/m/n --> OT1/cmtt/m/n on input line 60.
LaTeX Font Info:    Overwriting symbol font `numbers' in version `bold'
(Font)                  OT1/cmss/m/n --> OT1/cmss/bx/n on input line 60.
LaTeX Font Info:    Overwriting symbol font `pureletters' in version `bold'
(Font)                  OT1/cmss/m/it --> OT1/cmss/bx/it on input line 60.
LaTeX Font Info:    Overwriting math alphabet `\mathrm' in version `bold'
(Font)                  OT1/cmss/bx/n --> OT1/cmr/bx/n on input line 60.
LaTeX Font Info:    Overwriting math alphabet `\mathbf' in version `bold'
(Font)                  OT1/cmss/bx/n --> OT1/cmss/bx/n on input line 60.
LaTeX Font Info:    Overwriting math alphabet `\mathsf' in version `bold'
(Font)                  OT1/cmss/m/n --> OT1/cmss/bx/n on input line 60.
LaTeX Font Info:    Overwriting math alphabet `\mathit' in version `bold'
(Font)                  OT1/cmss/m/it --> OT1/cmss/bx/it on input line 60.
LaTeX Font Info:    Overwriting math alphabet `\mathtt' in version `bold'
(Font)                  OT1/cmtt/m/n --> OT1/cmtt/bx/n on input line 60.
LaTeX Font Info:    Redeclaring symbol font `pureletters' on input line 60.
LaTeX Font Info:    Overwriting symbol font `pureletters' in version `normal'
(Font)                  OT1/cmss/m/it --> OT1/mathkerncmss/m/sl on input line 6
0.
LaTeX Font Info:    Overwriting symbol font `pureletters' in version `bold'
(Font)                  OT1/cmss/bx/it --> OT1/mathkerncmss/m/sl on input line 
60.
LaTeX Font Info:    Overwriting symbol font `pureletters' in version `bold'
(Font)                  OT1/mathkerncmss/m/sl --> OT1/mathkerncmss/bx/sl on inp
ut line 60.

(/usr/local/texlive/2017/texmf-dist/tex/latex/beamer/translator/dicts/translato
r-basic-dictionary/translator-basic-dictionary-English.dict
Dictionary: translator-basic-dictionary, Language: English 
)
(/usr/local/texlive/2017/texmf-dist/tex/latex/beamer/translator/dicts/translato
r-bibliography-dictionary/translator-bibliography-dictionary-English.dict
Dictionary: translator-bibliography-dictionary, Language: English 
)
(/usr/local/texlive/2017/texmf-dist/tex/latex/beamer/translator/dicts/translato
r-environment-dictionary/translator-environment-dictionary-English.dict
Dictionary: translator-environment-dictionary, Language: English 
)
(/usr/local/texlive/2017/texmf-dist/tex/latex/beamer/translator/dicts/translato
r-months-dictionary/translator-months-dictionary-English.dict
Dictionary: translator-months-dictionary, Language: English 
)
(/usr/local/texlive/2017/texmf-dist/tex/latex/beamer/translator/dicts/translato
r-numbers-dictionary/translator-numbers-dictionary-English.dict
Dictionary: translator-numbers-dictionary, Language: English 
)
(/usr/local/texlive/2017/texmf-dist/tex/latex/beamer/translator/dicts/translato
r-theorem-dictionary/translator-theorem-dictionary-English.dict
Dictionary: translator-theorem-dictionary, Language: English 
)
(./parfrey_talk.nav)
<images/sb_logo_black.png, id=45, 62.8749pt x 122.859pt>
File: images/sb_logo_black.png Graphic file (type png)
<use images/sb_logo_black.png>
Package pdftex.def Info: images/sb_logo_black.png  used on input line 60. on in
put line 60.
Package pdftex.def Info: Requested size: 12.57475pt x 24.57135pt on input line 
60.
File: images/sb_logo_black.png Graphic file (type png)
<use images/sb_logo_black.png>
Package pdftex.def Info: images/sb_logo_black.png  used on input line 64. on in
put line 64.
Package pdftex.def Info: Requested size: 31.43736pt x 61.42934pt on input line 
64.
 [1

{/usr/local/texlive/2017/texmf-var/fonts/map/pdftex/updmap/pdftex.map} <./image
s/sb_logo_black.png>] (./parfrey_talk.toc)
File: images/sb_logo_black.png Graphic file (type png)
<use images/sb_logo_black.png>
Package pdftex.def Info: images/sb_logo_black.png  used on input line 66. on in
put line 66.
Package pdftex.def Info: Requested size: 12.57475pt x 24.57135pt on input line 
66.
 [2

]
(./parfrey_talk.toc)
File: images/sb_logo_black.png Graphic file (type png)
<use images/sb_logo_black.png>
Package pdftex.def Info: images/sb_logo_black.png  used on input line 66. on in
put line 66.
Package pdftex.def Info: Requested size: 12.57475pt x 24.57135pt on input line 
66.
 [3

] (./parfrey_talk.toc)
File: images/sb_logo_black.png Graphic file (type png)
<use images/sb_logo_black.png>
Package pdftex.def Info: images/sb_logo_black.png  used on input line 68. on in
put line 68.
Package pdftex.def Info: Requested size: 12.57475pt x 24.57135pt on input line 
68.
 [4

] (./slides/cake_v_fruit.tex
<images/fruit_salad_cake.png, id=186, 677.53125pt x 429.10312pt>
File: images/fruit_salad_cake.png Graphic file (type png)
<use images/fruit_salad_cake.png>
Package pdftex.def Info: images/fruit_salad_cake.png  used on input line 4. on 
input line 4.
Package pdftex.def Info: Requested size: 203.26094pt x 128.73192pt on input lin
e 4.
LaTeX Font Info:    Try loading font information for U+msa on input line 9.

(/usr/local/texlive/2017/texmf-dist/tex/latex/amsfonts/umsa.fd
File: umsa.fd 2013/01/14 v3.01 AMS symbols A
)
LaTeX Font Info:    Try loading font information for U+msb on input line 9.

(/usr/local/texlive/2017/texmf-dist/tex/latex/amsfonts/umsb.fd
File: umsb.fd 2013/01/14 v3.01 AMS symbols B
)
LaTeX Font Info:    Try loading font information for OT1+mathkerncmss on input 
line 9.

(/usr/local/texlive/2017/texmf-dist/tex/latex/sansmathaccent/ot1mathkerncmss.fd
File: ot1mathkerncmss.fd 2013/03/27 Fontinst v1.933 font definitions for OT1/ma
thkerncmss.
))
File: images/sb_logo_black.png Graphic file (type png)
<use images/sb_logo_black.png>
Package pdftex.def Info: images/sb_logo_black.png  used on input line 74. on in
put line 74.
Package pdftex.def Info: Requested size: 12.57475pt x 24.57135pt on input line 
74.
 [5

 <./images/fruit_salad_cake.png>] (./slides/cake_v_fruit.tex
File: images/fruit_salad_cake.png Graphic file (type png)
<use images/fruit_salad_cake.png>
Package pdftex.def Info: images/fruit_salad_cake.png  used on input line 4. on 
input line 4.
Package pdftex.def Info: Requested size: 203.26094pt x 128.73192pt on input lin
e 4.
)
File: images/sb_logo_black.png Graphic file (type png)
<use images/sb_logo_black.png>
Package pdftex.def Info: images/sb_logo_black.png  used on input line 74. on in
put line 74.
Package pdftex.def Info: Requested size: 12.57475pt x 24.57135pt on input line 
74.
 [6

]
(./slides/cake_v_fruit.tex
File: images/fruit_salad_cake.png Graphic file (type png)
<use images/fruit_salad_cake.png>
Package pdftex.def Info: images/fruit_salad_cake.png  used on input line 4. on 
input line 4.
Package pdftex.def Info: Requested size: 203.26094pt x 128.73192pt on input lin
e 4.
)
File: images/sb_logo_black.png Graphic file (type png)
<use images/sb_logo_black.png>
Package pdftex.def Info: images/sb_logo_black.png  used on input line 74. on in
put line 74.
Package pdftex.def Info: Requested size: 12.57475pt x 24.57135pt on input line 
74.
 [7

] (./slides/cake_v_fruit.tex
File: images/fruit_salad_cake.png Graphic file (type png)
<use images/fruit_salad_cake.png>
Package pdftex.def Info: images/fruit_salad_cake.png  used on input line 4. on 
input line 4.
Package pdftex.def Info: Requested size: 203.26094pt x 128.73192pt on input lin
e 4.
)
File: images/sb_logo_black.png Graphic file (type png)
<use images/sb_logo_black.png>
Package pdftex.def Info: images/sb_logo_black.png  used on input line 74. on in
put line 74.
Package pdftex.def Info: Requested size: 12.57475pt x 24.57135pt on input line 
74.
 [8

]
(./slides/cake_v_fruit.tex
File: images/fruit_salad_cake.png Graphic file (type png)
<use images/fruit_salad_cake.png>
Package pdftex.def Info: images/fruit_salad_cake.png  used on input line 4. on 
input line 4.
Package pdftex.def Info: Requested size: 203.26094pt x 128.73192pt on input lin
e 4.
)
File: images/sb_logo_black.png Graphic file (type png)
<use images/sb_logo_black.png>
Package pdftex.def Info: images/sb_logo_black.png  used on input line 74. on in
put line 74.
Package pdftex.def Info: Requested size: 12.57475pt x 24.57135pt on input line 
74.
 [9

] (./slides/interactive_example.tex
<images/empirical_discounting.png, id=315, 1204.5pt x 564.1075pt>
File: images/empirical_discounting.png Graphic file (type png)
<use images/empirical_discounting.png>
Package pdftex.def Info: images/empirical_discounting.png  used on input line 1
2. on input line 12.
Package pdftex.def Info: Requested size: 240.89574pt x 112.81949pt on input lin
e 12.
)
File: images/sb_logo_black.png Graphic file (type png)
<use images/sb_logo_black.png>
Package pdftex.def Info: images/sb_logo_black.png  used on input line 91. on in
put line 91.
Package pdftex.def Info: Requested size: 12.57475pt x 24.57135pt on input line 
91.
 [10

 <./images/empirical_discounting.png>] (./slides/interactive_example.tex
File: images/empirical_discounting.png Graphic file (type png)
<use images/empirical_discounting.png>
Package pdftex.def Info: images/empirical_discounting.png  used on input line 1
2. on input line 12.
Package pdftex.def Info: Requested size: 240.89574pt x 112.81949pt on input lin
e 12.
)
File: images/sb_logo_black.png Graphic file (type png)
<use images/sb_logo_black.png>
Package pdftex.def Info: images/sb_logo_black.png  used on input line 91. on in
put line 91.
Package pdftex.def Info: Requested size: 12.57475pt x 24.57135pt on input line 
91.
 [11

]
(./slides/interactive_example.tex
File: images/empirical_discounting.png Graphic file (type png)
<use images/empirical_discounting.png>
Package pdftex.def Info: images/empirical_discounting.png  used on input line 1
2. on input line 12.
Package pdftex.def Info: Requested size: 240.89574pt x 112.81949pt on input lin
e 12.
)
File: images/sb_logo_black.png Graphic file (type png)
<use images/sb_logo_black.png>
Package pdftex.def Info: images/sb_logo_black.png  used on input line 91. on in
put line 91.
Package pdftex.def Info: Requested size: 12.57475pt x 24.57135pt on input line 
91.
 [12

] (./slides/interactive_example.tex
File: images/empirical_discounting.png Graphic file (type png)
<use images/empirical_discounting.png>
Package pdftex.def Info: images/empirical_discounting.png  used on input line 1
2. on input line 12.
Package pdftex.def Info: Requested size: 240.89574pt x 112.81949pt on input lin
e 12.
)
File: images/sb_logo_black.png Graphic file (type png)
<use images/sb_logo_black.png>
Package pdftex.def Info: images/sb_logo_black.png  used on input line 91. on in
put line 91.
Package pdftex.def Info: Requested size: 12.57475pt x 24.57135pt on input line 
91.

[13

] (./slides/interactive_example.tex
File: images/empirical_discounting.png Graphic file (type png)
<use images/empirical_discounting.png>
Package pdftex.def Info: images/empirical_discounting.png  used on input line 1
2. on input line 12.
Package pdftex.def Info: Requested size: 240.89574pt x 112.81949pt on input lin
e 12.
)
File: images/sb_logo_black.png Graphic file (type png)
<use images/sb_logo_black.png>
Package pdftex.def Info: images/sb_logo_black.png  used on input line 91. on in
put line 91.
Package pdftex.def Info: Requested size: 12.57475pt x 24.57135pt on input line 
91.
 [14

] (./slides/interactive_example.tex
File: images/empirical_discounting.png Graphic file (type png)
<use images/empirical_discounting.png>
Package pdftex.def Info: images/empirical_discounting.png  used on input line 1
2. on input line 12.
Package pdftex.def Info: Requested size: 240.89574pt x 112.81949pt on input lin
e 12.
)
File: images/sb_logo_black.png Graphic file (type png)
<use images/sb_logo_black.png>
Package pdftex.def Info: images/sb_logo_black.png  used on input line 91. on in
put line 91.
Package pdftex.def Info: Requested size: 12.57475pt x 24.57135pt on input line 
91.
[15

] (./slides/interactive_example.tex
File: images/empirical_discounting.png Graphic file (type png)
<use images/empirical_discounting.png>
Package pdftex.def Info: images/empirical_discounting.png  used on input line 1
2. on input line 12.
Package pdftex.def Info: Requested size: 240.89574pt x 112.81949pt on input lin
e 12.
)
File: images/sb_logo_black.png Graphic file (type png)
<use images/sb_logo_black.png>
Package pdftex.def Info: images/sb_logo_black.png  used on input line 91. on in
put line 91.
Package pdftex.def Info: Requested size: 12.57475pt x 24.57135pt on input line 
91.
 [16

] (./slides/empirics.tex
<images/empirics.png, id=494, 803.0pt x 541.02126pt>
File: images/empirics.png Graphic file (type png)
<use images/empirics.png>
Package pdftex.def Info: images/empirics.png  used on input line 3. on input li
ne 3.
Package pdftex.def Info: Requested size: 224.83847pt x 151.48491pt on input lin
e 3.
)
File: images/sb_logo_black.png Graphic file (type png)
<use images/sb_logo_black.png>
Package pdftex.def Info: images/sb_logo_black.png  used on input line 98. on in
put line 98.
Package pdftex.def Info: Requested size: 12.57475pt x 24.57135pt on input line 
98.
 [17

 <./images/empirics.png>] (./slides/theory.tex
<images/theory.png, id=520, 1093.08376pt x 635.37375pt>
File: images/theory.png Graphic file (type png)
<use images/theory.png>
Package pdftex.def Info: images/theory.png  used on input line 3. on input line
 3.
Package pdftex.def Info: Requested size: 218.61287pt x 127.0725pt on input line
 3.
)
File: images/sb_logo_black.png Graphic file (type png)
<use images/sb_logo_black.png>
Package pdftex.def Info: images/sb_logo_black.png  used on input line 103. on i
nput line 103.
Package pdftex.def Info: Requested size: 12.57475pt x 24.57135pt on input line 
103.
 [18

 <./images/theory.png>]
(./parfrey_talk.toc)
File: images/sb_logo_black.png Graphic file (type png)
<use images/sb_logo_black.png>
Package pdftex.def Info: images/sb_logo_black.png  used on input line 108. on i
nput line 108.
Package pdftex.def Info: Requested size: 12.57475pt x 24.57135pt on input line 
108.
 [19

] (./slides/paradigme_shift.tex)
File: images/sb_logo_black.png Graphic file (type png)
<use images/sb_logo_black.png>
Package pdftex.def Info: images/sb_logo_black.png  used on input line 114. on i
nput line 114.
Package pdftex.def Info: Requested size: 12.57475pt x 24.57135pt on input line 
114.
 [20

]
(./slides/paradigme_shift.tex)
File: images/sb_logo_black.png Graphic file (type png)
<use images/sb_logo_black.png>
Package pdftex.def Info: images/sb_logo_black.png  used on input line 114. on i
nput line 114.
Package pdftex.def Info: Requested size: 12.57475pt x 24.57135pt on input line 
114.
 [21

] (./slides/paradigme_shift.tex)
File: images/sb_logo_black.png Graphic file (type png)
<use images/sb_logo_black.png>
Package pdftex.def Info: images/sb_logo_black.png  used on input line 114. on i
nput line 114.
Package pdftex.def Info: Requested size: 12.57475pt x 24.57135pt on input line 
114.
 [22

]
(./slides/paradigme_shift.tex)
File: images/sb_logo_black.png Graphic file (type png)
<use images/sb_logo_black.png>
Package pdftex.def Info: images/sb_logo_black.png  used on input line 114. on i
nput line 114.
Package pdftex.def Info: Requested size: 12.57475pt x 24.57135pt on input line 
114.
 [23

] (./slides/paradigme_shift.tex)
File: images/sb_logo_black.png Graphic file (type png)
<use images/sb_logo_black.png>
Package pdftex.def Info: images/sb_logo_black.png  used on input line 114. on i
nput line 114.
Package pdftex.def Info: Requested size: 12.57475pt x 24.57135pt on input line 
114.
 [24

]
(./slides/leslie_model.tex)
File: images/sb_logo_black.png Graphic file (type png)
<use images/sb_logo_black.png>
Package pdftex.def Info: images/sb_logo_black.png  used on input line 121. on i
nput line 121.
Package pdftex.def Info: Requested size: 12.57475pt x 24.57135pt on input line 
121.
 [25

] (./slides/leslie_model.tex)
File: images/sb_logo_black.png Graphic file (type png)
<use images/sb_logo_black.png>
Package pdftex.def Info: images/sb_logo_black.png  used on input line 121. on i
nput line 121.
Package pdftex.def Info: Requested size: 12.57475pt x 24.57135pt on input line 
121.
 [26

]
(./slides/leslie_model.tex)
File: images/sb_logo_black.png Graphic file (type png)
<use images/sb_logo_black.png>
Package pdftex.def Info: images/sb_logo_black.png  used on input line 121. on i
nput line 121.
Package pdftex.def Info: Requested size: 12.57475pt x 24.57135pt on input line 
121.
 [27

] (./slides/leslie_model.tex)
File: images/sb_logo_black.png Graphic file (type png)
<use images/sb_logo_black.png>
Package pdftex.def Info: images/sb_logo_black.png  used on input line 121. on i
nput line 121.
Package pdftex.def Info: Requested size: 12.57475pt x 24.57135pt on input line 
121.
 [28

]
(./slides/leslie_model.tex)
File: images/sb_logo_black.png Graphic file (type png)
<use images/sb_logo_black.png>
Package pdftex.def Info: images/sb_logo_black.png  used on input line 121. on i
nput line 121.
Package pdftex.def Info: Requested size: 12.57475pt x 24.57135pt on input line 
121.
 [29

] (./slides/leslie_model.tex)
File: images/sb_logo_black.png Graphic file (type png)
<use images/sb_logo_black.png>
Package pdftex.def Info: images/sb_logo_black.png  used on input line 121. on i
nput line 121.
Package pdftex.def Info: Requested size: 12.57475pt x 24.57135pt on input line 
121.
 [30

]
(./slides/leslie_model.tex)
File: images/sb_logo_black.png Graphic file (type png)
<use images/sb_logo_black.png>
Package pdftex.def Info: images/sb_logo_black.png  used on input line 121. on i
nput line 121.
Package pdftex.def Info: Requested size: 12.57475pt x 24.57135pt on input line 
121.
 [31

] (./slides/leslie_model.tex)
File: images/sb_logo_black.png Graphic file (type png)
<use images/sb_logo_black.png>
Package pdftex.def Info: images/sb_logo_black.png  used on input line 121. on i
nput line 121.
Package pdftex.def Info: Requested size: 12.57475pt x 24.57135pt on input line 
121.
 [32

]
(./slides/leslie_model.tex)
File: images/sb_logo_black.png Graphic file (type png)
<use images/sb_logo_black.png>
Package pdftex.def Info: images/sb_logo_black.png  used on input line 121. on i
nput line 121.
Package pdftex.def Info: Requested size: 12.57475pt x 24.57135pt on input line 
121.
 [33

] (./slides/life_history_display.tex
<images/contrived_life_history.png, id=939, 573.14125pt x 320.19624pt>
File: images/contrived_life_history.png Graphic file (type png)
<use images/contrived_life_history.png>
Package pdftex.def Info: images/contrived_life_history.png  used on input line 
3. on input line 3.
Package pdftex.def Info: Requested size: 286.56992pt x 160.09772pt on input lin
e 3.
)
File: images/sb_logo_black.png Graphic file (type png)
<use images/sb_logo_black.png>
Package pdftex.def Info: images/sb_logo_black.png  used on input line 127. on i
nput line 127.
Package pdftex.def Info: Requested size: 12.57475pt x 24.57135pt on input line 
127.
 [34

 <./images/contrived_life_history.png>] (./slides/life_history_display.tex
File: images/contrived_life_history.png Graphic file (type png)
<use images/contrived_life_history.png>
Package pdftex.def Info: images/contrived_life_history.png  used on input line 
3. on input line 3.
Package pdftex.def Info: Requested size: 286.56992pt x 160.09772pt on input lin
e 3.
)
File: images/sb_logo_black.png Graphic file (type png)
<use images/sb_logo_black.png>
Package pdftex.def Info: images/sb_logo_black.png  used on input line 127. on i
nput line 127.
Package pdftex.def Info: Requested size: 12.57475pt x 24.57135pt on input line 
127.
 [35

]
(./slides/conclusion.tex)
File: images/sb_logo_black.png Graphic file (type png)
<use images/sb_logo_black.png>
Package pdftex.def Info: images/sb_logo_black.png  used on input line 132. on i
nput line 132.
Package pdftex.def Info: Requested size: 12.57475pt x 24.57135pt on input line 
132.
 [36

] (./slides/conclusion.tex)
File: images/sb_logo_black.png Graphic file (type png)
<use images/sb_logo_black.png>
Package pdftex.def Info: images/sb_logo_black.png  used on input line 132. on i
nput line 132.
Package pdftex.def Info: Requested size: 12.57475pt x 24.57135pt on input line 
132.
 [37

]
(./slides/conclusion.tex)
File: images/sb_logo_black.png Graphic file (type png)
<use images/sb_logo_black.png>
Package pdftex.def Info: images/sb_logo_black.png  used on input line 132. on i
nput line 132.
Package pdftex.def Info: Requested size: 12.57475pt x 24.57135pt on input line 
132.
 [38

] (./slides/conclusion.tex)
File: images/sb_logo_black.png Graphic file (type png)
<use images/sb_logo_black.png>
Package pdftex.def Info: images/sb_logo_black.png  used on input line 132. on i
nput line 132.
Package pdftex.def Info: Requested size: 12.57475pt x 24.57135pt on input line 
132.
 [39

]
(./slides/conclusion.tex)
File: images/sb_logo_black.png Graphic file (type png)
<use images/sb_logo_black.png>
Package pdftex.def Info: images/sb_logo_black.png  used on input line 132. on i
nput line 132.
Package pdftex.def Info: Requested size: 12.57475pt x 24.57135pt on input line 
132.
 [40

] (./slides/conclusion.tex)
File: images/sb_logo_black.png Graphic file (type png)
<use images/sb_logo_black.png>
Package pdftex.def Info: images/sb_logo_black.png  used on input line 132. on i
nput line 132.
Package pdftex.def Info: Requested size: 12.57475pt x 24.57135pt on input line 
132.
 [41

]
\tf@nav=\write6
\openout6 = `parfrey_talk.nav'.

\tf@toc=\write7
\openout7 = `parfrey_talk.toc'.

\tf@snm=\write8
\openout8 = `parfrey_talk.snm'.

Package atveryend Info: Empty hook `BeforeClearDocument' on input line 134.
Package atveryend Info: Empty hook `AfterLastShipout' on input line 134.

(./parfrey_talk.aux)
Package atveryend Info: Executing hook `AtVeryEndDocument' on input line 134.
Package atveryend Info: Executing hook `AtEndAfterFileList' on input line 134.
Package rerunfilecheck Info: File `parfrey_talk.out' has not changed.
(rerunfilecheck)             Checksum: 8BE7FC1DB72315BBE9774F7CB9157F57;519.
 ) 
Here is how much of TeX's memory you used:
 20059 strings out of 492990
 396744 string characters out of 6132621
 458017 words of memory out of 5000000
 22996 multiletter control sequences out of 15000+600000
 12024 words of font info for 44 fonts, out of 8000000 for 9000
 1141 hyphenation exceptions out of 8191
 56i,16n,59p,779b,551s stack positions out of 5000i,500n,10000p,200000b,80000s
</usr/local/texlive/2017/texmf-dist/fonts/type1/public/amsfonts/cm/cmmi10.pfb
></usr/local/texlive/2017/texmf-dist/fonts/type1/public/amsfonts/cm/cmss10.pfb>
</usr/local/texlive/2017/texmf-dist/fonts/type1/public/amsfonts/cm/cmss12.pfb><
/usr/local/texlive/2017/texmf-dist/fonts/type1/public/amsfonts/cm/cmss8.pfb></u
sr/local/texlive/2017/texmf-dist/fonts/type1/public/amsfonts/cm/cmssbx10.pfb></
usr/local/texlive/2017/texmf-dist/fonts/type1/public/amsfonts/cm/cmssi10.pfb></
usr/local/texlive/2017/texmf-dist/fonts/type1/public/amsfonts/cm/cmssi8.pfb></u
sr/local/texlive/2017/texmf-dist/fonts/type1/public/amsfonts/cm/cmsy10.pfb></us
r/local/texlive/2017/texmf-dist/fonts/type1/public/amsfonts/cm/cmsy8.pfb></usr/
local/texlive/2017/texmf-dist/fonts/type1/public/amsfonts/symbols/msam10.pfb>
Output written on parfrey_talk.pdf (41 pages, 1731462 bytes).
PDF statistics:
 1200 PDF objects out of 1200 (max. 8388607)
 1117 compressed objects within 12 object streams
 91 named destinations out of 1000 (max. 500000)
 137 words of extra memory for PDF output out of 10000 (max. 10000000)

