This is pdfTeX, Version 3.14159265-2.6-1.40.18 (TeX Live 2017) (preloaded format=pdflatex 2017.11.5)  9 FEB 2021 22:16
entering extended mode
 restricted \write18 enabled.
 %&-line parsing enabled.
**report.tex
(./report.tex
LaTeX2e <2017-04-15>
Babel <3.14> and hyphenation patterns for 84 language(s) loaded.
(/usr/local/texlive/2017/texmf-dist/tex/latex/base/article.cls
Document Class: article 2014/09/29 v1.4h Standard LaTeX document class
(/usr/local/texlive/2017/texmf-dist/tex/latex/base/size12.clo
File: size12.clo 2014/09/29 v1.4h Standard LaTeX file (size option)
)
\c@part=\count79
\c@section=\count80
\c@subsection=\count81
\c@subsubsection=\count82
\c@paragraph=\count83
\c@subparagraph=\count84
\c@figure=\count85
\c@table=\count86
\abovecaptionskip=\skip41
\belowcaptionskip=\skip42
\bibindent=\dimen102
)
(/usr/local/texlive/2017/texmf-dist/tex/latex/fancyhdr/fancyhdr.sty
Package: fancyhdr 2017/06/30 v3.9a Extensive control of page headers and footer
s
\f@nch@headwidth=\skip43
\f@nch@O@elh=\skip44
\f@nch@O@erh=\skip45
\f@nch@O@olh=\skip46
\f@nch@O@orh=\skip47
\f@nch@O@elf=\skip48
\f@nch@O@erf=\skip49
\f@nch@O@olf=\skip50
\f@nch@O@orf=\skip51
)
(/usr/local/texlive/2017/texmf-dist/tex/latex/lipsum/lipsum.sty
Package: lipsum 2014/07/27 v1.3 150 paragraphs of Lorem Ipsum dummy text
\c@lips@count=\count87
)
(/usr/local/texlive/2017/texmf-dist/tex/latex/hyperref/hyperref.sty
Package: hyperref 2017/03/14 v6.85a Hypertext links for LaTeX

(/usr/local/texlive/2017/texmf-dist/tex/generic/oberdiek/hobsub-hyperref.sty
Package: hobsub-hyperref 2016/05/16 v1.14 Bundle oberdiek, subset hyperref (HO)


(/usr/local/texlive/2017/texmf-dist/tex/generic/oberdiek/hobsub-generic.sty
Package: hobsub-generic 2016/05/16 v1.14 Bundle oberdiek, subset generic (HO)
Package: hobsub 2016/05/16 v1.14 Construct package bundles (HO)
Package: infwarerr 2016/05/16 v1.4 Providing info/warning/error messages (HO)
Package: ltxcmds 2016/05/16 v1.23 LaTeX kernel commands for general use (HO)
Package: ifluatex 2016/05/16 v1.4 Provides the ifluatex switch (HO)
Package ifluatex Info: LuaTeX not detected.
Package: ifvtex 2016/05/16 v1.6 Detect VTeX and its facilities (HO)
Package ifvtex Info: VTeX not detected.
Package: intcalc 2016/05/16 v1.2 Expandable calculations with integers (HO)
Package: ifpdf 2017/03/15 v3.2 Provides the ifpdf switch
Package: etexcmds 2016/05/16 v1.6 Avoid name clashes with e-TeX commands (HO)
Package etexcmds Info: Could not find \expanded.
(etexcmds)             That can mean that you are not using pdfTeX 1.50 or
(etexcmds)             that some package has redefined \expanded.
(etexcmds)             In the latter case, load this package earlier.
Package: kvsetkeys 2016/05/16 v1.17 Key value parser (HO)
Package: kvdefinekeys 2016/05/16 v1.4 Define keys (HO)
Package: pdftexcmds 2017/03/19 v0.25 Utility functions of pdfTeX for LuaTeX (HO
)
Package pdftexcmds Info: LuaTeX not detected.
Package pdftexcmds Info: \pdf@primitive is available.
Package pdftexcmds Info: \pdf@ifprimitive is available.
Package pdftexcmds Info: \pdfdraftmode found.
Package: pdfescape 2016/05/16 v1.14 Implements pdfTeX's escape features (HO)
Package: bigintcalc 2016/05/16 v1.4 Expandable calculations on big integers (HO
)
Package: bitset 2016/05/16 v1.2 Handle bit-vector datatype (HO)
Package: uniquecounter 2016/05/16 v1.3 Provide unlimited unique counter (HO)
)
Package hobsub Info: Skipping package `hobsub' (already loaded).
Package: letltxmacro 2016/05/16 v1.5 Let assignment for LaTeX macros (HO)
Package: hopatch 2016/05/16 v1.3 Wrapper for package hooks (HO)
Package: xcolor-patch 2016/05/16 xcolor patch
Package: atveryend 2016/05/16 v1.9 Hooks at the very end of document (HO)
Package atveryend Info: \enddocument detected (standard20110627).
Package: atbegshi 2016/06/09 v1.18 At begin shipout hook (HO)
Package: refcount 2016/05/16 v3.5 Data extraction from label references (HO)
Package: hycolor 2016/05/16 v1.8 Color options for hyperref/bookmark (HO)
)
(/usr/local/texlive/2017/texmf-dist/tex/latex/graphics/keyval.sty
Package: keyval 2014/10/28 v1.15 key=value parser (DPC)
\KV@toks@=\toks14
)
(/usr/local/texlive/2017/texmf-dist/tex/generic/ifxetex/ifxetex.sty
Package: ifxetex 2010/09/12 v0.6 Provides ifxetex conditional
)
(/usr/local/texlive/2017/texmf-dist/tex/latex/oberdiek/auxhook.sty
Package: auxhook 2016/05/16 v1.4 Hooks for auxiliary files (HO)
)
(/usr/local/texlive/2017/texmf-dist/tex/latex/oberdiek/kvoptions.sty
Package: kvoptions 2016/05/16 v3.12 Key value format for package options (HO)
)
\@linkdim=\dimen103
\Hy@linkcounter=\count88
\Hy@pagecounter=\count89

(/usr/local/texlive/2017/texmf-dist/tex/latex/hyperref/pd1enc.def
File: pd1enc.def 2017/03/14 v6.85a Hyperref: PDFDocEncoding definition (HO)
)
\Hy@SavedSpaceFactor=\count90

(/usr/local/texlive/2017/texmf-dist/tex/latex/latexconfig/hyperref.cfg
File: hyperref.cfg 2002/06/06 v1.2 hyperref configuration of TeXLive
)
Package hyperref Info: Hyper figures OFF on input line 4498.
Package hyperref Info: Link nesting OFF on input line 4503.
Package hyperref Info: Hyper index ON on input line 4506.
Package hyperref Info: Plain pages OFF on input line 4513.
Package hyperref Info: Backreferencing OFF on input line 4518.
Package hyperref Info: Implicit mode ON; LaTeX internals redefined.
Package hyperref Info: Bookmarks ON on input line 4751.
\c@Hy@tempcnt=\count91

(/usr/local/texlive/2017/texmf-dist/tex/latex/url/url.sty
\Urlmuskip=\muskip10
Package: url 2013/09/16  ver 3.4  Verb mode for urls, etc.
)
LaTeX Info: Redefining \url on input line 5104.
\XeTeXLinkMargin=\dimen104
\Fld@menulength=\count92
\Field@Width=\dimen105
\Fld@charsize=\dimen106
Package hyperref Info: Hyper figures OFF on input line 6358.
Package hyperref Info: Link nesting OFF on input line 6363.
Package hyperref Info: Hyper index ON on input line 6366.
Package hyperref Info: backreferencing OFF on input line 6373.
Package hyperref Info: Link coloring OFF on input line 6378.
Package hyperref Info: Link coloring with OCG OFF on input line 6383.
Package hyperref Info: PDF/A mode OFF on input line 6388.
LaTeX Info: Redefining \ref on input line 6428.
LaTeX Info: Redefining \pageref on input line 6432.
\Hy@abspage=\count93
\c@Item=\count94
\c@Hfootnote=\count95
)

Package hyperref Message: Driver (autodetected): hpdftex.

(/usr/local/texlive/2017/texmf-dist/tex/latex/hyperref/hpdftex.def
File: hpdftex.def 2017/03/14 v6.85a Hyperref driver for pdfTeX
\Fld@listcount=\count96
\c@bookmark@seq@number=\count97

(/usr/local/texlive/2017/texmf-dist/tex/latex/oberdiek/rerunfilecheck.sty
Package: rerunfilecheck 2016/05/16 v1.8 Rerun checks for auxiliary files (HO)
Package uniquecounter Info: New unique counter `rerunfilecheck' on input line 2
82.
)
\Hy@SectionHShift=\skip52
)
(/usr/local/texlive/2017/texmf-dist/tex/latex/psnfss/palatino.sty
Package: palatino 2005/04/12 PSNFSS-v9.2a (SPQR) 
)
(/usr/local/texlive/2017/texmf-dist/tex/latex/pgf/frontendlayer/tikz.sty
(/usr/local/texlive/2017/texmf-dist/tex/latex/pgf/basiclayer/pgf.sty
(/usr/local/texlive/2017/texmf-dist/tex/latex/pgf/utilities/pgfrcs.sty
(/usr/local/texlive/2017/texmf-dist/tex/generic/pgf/utilities/pgfutil-common.te
x
\pgfutil@everybye=\toks15
\pgfutil@tempdima=\dimen107
\pgfutil@tempdimb=\dimen108

(/usr/local/texlive/2017/texmf-dist/tex/generic/pgf/utilities/pgfutil-common-li
sts.tex))
(/usr/local/texlive/2017/texmf-dist/tex/generic/pgf/utilities/pgfutil-latex.def
\pgfutil@abb=\box26
(/usr/local/texlive/2017/texmf-dist/tex/latex/ms/everyshi.sty
Package: everyshi 2001/05/15 v3.00 EveryShipout Package (MS)
))
(/usr/local/texlive/2017/texmf-dist/tex/generic/pgf/utilities/pgfrcs.code.tex
Package: pgfrcs 2015/08/07 v3.0.1a (rcs-revision 1.31)
))
Package: pgf 2015/08/07 v3.0.1a (rcs-revision 1.15)
(/usr/local/texlive/2017/texmf-dist/tex/latex/pgf/basiclayer/pgfcore.sty
(/usr/local/texlive/2017/texmf-dist/tex/latex/graphics/graphicx.sty
Package: graphicx 2017/06/01 v1.1a Enhanced LaTeX Graphics (DPC,SPQR)

(/usr/local/texlive/2017/texmf-dist/tex/latex/graphics/graphics.sty
Package: graphics 2017/06/25 v1.2c Standard LaTeX Graphics (DPC,SPQR)

(/usr/local/texlive/2017/texmf-dist/tex/latex/graphics/trig.sty
Package: trig 2016/01/03 v1.10 sin cos tan (DPC)
)
(/usr/local/texlive/2017/texmf-dist/tex/latex/graphics-cfg/graphics.cfg
File: graphics.cfg 2016/06/04 v1.11 sample graphics configuration
)
Package graphics Info: Driver file: pdftex.def on input line 99.

(/usr/local/texlive/2017/texmf-dist/tex/latex/graphics-def/pdftex.def
File: pdftex.def 2017/06/24 v1.0g Graphics/color driver for pdftex
))
\Gin@req@height=\dimen109
\Gin@req@width=\dimen110
)
(/usr/local/texlive/2017/texmf-dist/tex/latex/pgf/systemlayer/pgfsys.sty
(/usr/local/texlive/2017/texmf-dist/tex/generic/pgf/systemlayer/pgfsys.code.tex
Package: pgfsys 2014/07/09 v3.0.1a (rcs-revision 1.48)
(/usr/local/texlive/2017/texmf-dist/tex/generic/pgf/utilities/pgfkeys.code.tex
\pgfkeys@pathtoks=\toks16
\pgfkeys@temptoks=\toks17

(/usr/local/texlive/2017/texmf-dist/tex/generic/pgf/utilities/pgfkeysfiltered.c
ode.tex
\pgfkeys@tmptoks=\toks18
))
\pgf@x=\dimen111
\pgf@y=\dimen112
\pgf@xa=\dimen113
\pgf@ya=\dimen114
\pgf@xb=\dimen115
\pgf@yb=\dimen116
\pgf@xc=\dimen117
\pgf@yc=\dimen118
\w@pgf@writea=\write3
\r@pgf@reada=\read1
\c@pgf@counta=\count98
\c@pgf@countb=\count99
\c@pgf@countc=\count100
\c@pgf@countd=\count101
\t@pgf@toka=\toks19
\t@pgf@tokb=\toks20
\t@pgf@tokc=\toks21

(/usr/local/texlive/2017/texmf-dist/tex/generic/pgf/systemlayer/pgf.cfg
File: pgf.cfg 2008/05/14  (rcs-revision 1.7)
)
Driver file for pgf: pgfsys-pdftex.def

(/usr/local/texlive/2017/texmf-dist/tex/generic/pgf/systemlayer/pgfsys-pdftex.d
ef
File: pgfsys-pdftex.def 2014/10/11  (rcs-revision 1.35)

(/usr/local/texlive/2017/texmf-dist/tex/generic/pgf/systemlayer/pgfsys-common-p
df.def
File: pgfsys-common-pdf.def 2013/10/10  (rcs-revision 1.13)
)))
(/usr/local/texlive/2017/texmf-dist/tex/generic/pgf/systemlayer/pgfsyssoftpath.
code.tex
File: pgfsyssoftpath.code.tex 2013/09/09  (rcs-revision 1.9)
\pgfsyssoftpath@smallbuffer@items=\count102
\pgfsyssoftpath@bigbuffer@items=\count103
)
(/usr/local/texlive/2017/texmf-dist/tex/generic/pgf/systemlayer/pgfsysprotocol.
code.tex
File: pgfsysprotocol.code.tex 2006/10/16  (rcs-revision 1.4)
)) (/usr/local/texlive/2017/texmf-dist/tex/latex/xcolor/xcolor.sty
Package: xcolor 2016/05/11 v2.12 LaTeX color extensions (UK)

(/usr/local/texlive/2017/texmf-dist/tex/latex/graphics-cfg/color.cfg
File: color.cfg 2016/01/02 v1.6 sample color configuration
)
Package xcolor Info: Driver file: pdftex.def on input line 225.
Package xcolor Info: Model `cmy' substituted by `cmy0' on input line 1348.
Package xcolor Info: Model `hsb' substituted by `rgb' on input line 1352.
Package xcolor Info: Model `RGB' extended on input line 1364.
Package xcolor Info: Model `HTML' substituted by `rgb' on input line 1366.
Package xcolor Info: Model `Hsb' substituted by `hsb' on input line 1367.
Package xcolor Info: Model `tHsb' substituted by `hsb' on input line 1368.
Package xcolor Info: Model `HSB' substituted by `hsb' on input line 1369.
Package xcolor Info: Model `Gray' substituted by `gray' on input line 1370.
Package xcolor Info: Model `wave' substituted by `hsb' on input line 1371.
)
(/usr/local/texlive/2017/texmf-dist/tex/generic/pgf/basiclayer/pgfcore.code.tex
Package: pgfcore 2010/04/11 v3.0.1a (rcs-revision 1.7)
(/usr/local/texlive/2017/texmf-dist/tex/generic/pgf/math/pgfmath.code.tex
(/usr/local/texlive/2017/texmf-dist/tex/generic/pgf/math/pgfmathcalc.code.tex
(/usr/local/texlive/2017/texmf-dist/tex/generic/pgf/math/pgfmathutil.code.tex)
(/usr/local/texlive/2017/texmf-dist/tex/generic/pgf/math/pgfmathparser.code.tex
\pgfmath@dimen=\dimen119
\pgfmath@count=\count104
\pgfmath@box=\box27
\pgfmath@toks=\toks22
\pgfmath@stack@operand=\toks23
\pgfmath@stack@operation=\toks24
)
(/usr/local/texlive/2017/texmf-dist/tex/generic/pgf/math/pgfmathfunctions.code.
tex
(/usr/local/texlive/2017/texmf-dist/tex/generic/pgf/math/pgfmathfunctions.basic
.code.tex)
(/usr/local/texlive/2017/texmf-dist/tex/generic/pgf/math/pgfmathfunctions.trigo
nometric.code.tex)
(/usr/local/texlive/2017/texmf-dist/tex/generic/pgf/math/pgfmathfunctions.rando
m.code.tex)
(/usr/local/texlive/2017/texmf-dist/tex/generic/pgf/math/pgfmathfunctions.compa
rison.code.tex)
(/usr/local/texlive/2017/texmf-dist/tex/generic/pgf/math/pgfmathfunctions.base.
code.tex)
(/usr/local/texlive/2017/texmf-dist/tex/generic/pgf/math/pgfmathfunctions.round
.code.tex)
(/usr/local/texlive/2017/texmf-dist/tex/generic/pgf/math/pgfmathfunctions.misc.
code.tex)
(/usr/local/texlive/2017/texmf-dist/tex/generic/pgf/math/pgfmathfunctions.integ
erarithmetics.code.tex)))
(/usr/local/texlive/2017/texmf-dist/tex/generic/pgf/math/pgfmathfloat.code.tex
\c@pgfmathroundto@lastzeros=\count105
))
(/usr/local/texlive/2017/texmf-dist/tex/generic/pgf/basiclayer/pgfcorepoints.co
de.tex
File: pgfcorepoints.code.tex 2013/10/07  (rcs-revision 1.27)
\pgf@picminx=\dimen120
\pgf@picmaxx=\dimen121
\pgf@picminy=\dimen122
\pgf@picmaxy=\dimen123
\pgf@pathminx=\dimen124
\pgf@pathmaxx=\dimen125
\pgf@pathminy=\dimen126
\pgf@pathmaxy=\dimen127
\pgf@xx=\dimen128
\pgf@xy=\dimen129
\pgf@yx=\dimen130
\pgf@yy=\dimen131
\pgf@zx=\dimen132
\pgf@zy=\dimen133
)
(/usr/local/texlive/2017/texmf-dist/tex/generic/pgf/basiclayer/pgfcorepathconst
ruct.code.tex
File: pgfcorepathconstruct.code.tex 2013/10/07  (rcs-revision 1.29)
\pgf@path@lastx=\dimen134
\pgf@path@lasty=\dimen135
)
(/usr/local/texlive/2017/texmf-dist/tex/generic/pgf/basiclayer/pgfcorepathusage
.code.tex
File: pgfcorepathusage.code.tex 2014/11/02  (rcs-revision 1.24)
\pgf@shorten@end@additional=\dimen136
\pgf@shorten@start@additional=\dimen137
)
(/usr/local/texlive/2017/texmf-dist/tex/generic/pgf/basiclayer/pgfcorescopes.co
de.tex
File: pgfcorescopes.code.tex 2015/05/08  (rcs-revision 1.46)
\pgfpic=\box28
\pgf@hbox=\box29
\pgf@layerbox@main=\box30
\pgf@picture@serial@count=\count106
)
(/usr/local/texlive/2017/texmf-dist/tex/generic/pgf/basiclayer/pgfcoregraphicst
ate.code.tex
File: pgfcoregraphicstate.code.tex 2014/11/02  (rcs-revision 1.12)
\pgflinewidth=\dimen138
)
(/usr/local/texlive/2017/texmf-dist/tex/generic/pgf/basiclayer/pgfcoretransform
ations.code.tex
File: pgfcoretransformations.code.tex 2015/08/07  (rcs-revision 1.20)
\pgf@pt@x=\dimen139
\pgf@pt@y=\dimen140
\pgf@pt@temp=\dimen141
)
(/usr/local/texlive/2017/texmf-dist/tex/generic/pgf/basiclayer/pgfcorequick.cod
e.tex
File: pgfcorequick.code.tex 2008/10/09  (rcs-revision 1.3)
)
(/usr/local/texlive/2017/texmf-dist/tex/generic/pgf/basiclayer/pgfcoreobjects.c
ode.tex
File: pgfcoreobjects.code.tex 2006/10/11  (rcs-revision 1.2)
)
(/usr/local/texlive/2017/texmf-dist/tex/generic/pgf/basiclayer/pgfcorepathproce
ssing.code.tex
File: pgfcorepathprocessing.code.tex 2013/09/09  (rcs-revision 1.9)
)
(/usr/local/texlive/2017/texmf-dist/tex/generic/pgf/basiclayer/pgfcorearrows.co
de.tex
File: pgfcorearrows.code.tex 2015/05/14  (rcs-revision 1.43)
\pgfarrowsep=\dimen142
)
(/usr/local/texlive/2017/texmf-dist/tex/generic/pgf/basiclayer/pgfcoreshade.cod
e.tex
File: pgfcoreshade.code.tex 2013/07/15  (rcs-revision 1.15)
\pgf@max=\dimen143
\pgf@sys@shading@range@num=\count107
)
(/usr/local/texlive/2017/texmf-dist/tex/generic/pgf/basiclayer/pgfcoreimage.cod
e.tex
File: pgfcoreimage.code.tex 2013/07/15  (rcs-revision 1.18)

(/usr/local/texlive/2017/texmf-dist/tex/generic/pgf/basiclayer/pgfcoreexternal.
code.tex
File: pgfcoreexternal.code.tex 2014/07/09  (rcs-revision 1.21)
\pgfexternal@startupbox=\box31
))
(/usr/local/texlive/2017/texmf-dist/tex/generic/pgf/basiclayer/pgfcorelayers.co
de.tex
File: pgfcorelayers.code.tex 2013/07/18  (rcs-revision 1.7)
)
(/usr/local/texlive/2017/texmf-dist/tex/generic/pgf/basiclayer/pgfcoretranspare
ncy.code.tex
File: pgfcoretransparency.code.tex 2013/09/30  (rcs-revision 1.5)
)
(/usr/local/texlive/2017/texmf-dist/tex/generic/pgf/basiclayer/pgfcorepatterns.
code.tex
File: pgfcorepatterns.code.tex 2013/11/07  (rcs-revision 1.5)
)))
(/usr/local/texlive/2017/texmf-dist/tex/generic/pgf/modules/pgfmoduleshapes.cod
e.tex
File: pgfmoduleshapes.code.tex 2014/03/21  (rcs-revision 1.35)
\pgfnodeparttextbox=\box32
)
(/usr/local/texlive/2017/texmf-dist/tex/generic/pgf/modules/pgfmoduleplot.code.
tex
File: pgfmoduleplot.code.tex 2015/08/03  (rcs-revision 1.13)
)
(/usr/local/texlive/2017/texmf-dist/tex/latex/pgf/compatibility/pgfcomp-version
-0-65.sty
Package: pgfcomp-version-0-65 2007/07/03 v3.0.1a (rcs-revision 1.7)
\pgf@nodesepstart=\dimen144
\pgf@nodesepend=\dimen145
)
(/usr/local/texlive/2017/texmf-dist/tex/latex/pgf/compatibility/pgfcomp-version
-1-18.sty
Package: pgfcomp-version-1-18 2007/07/23 v3.0.1a (rcs-revision 1.1)
))
(/usr/local/texlive/2017/texmf-dist/tex/latex/pgf/utilities/pgffor.sty
(/usr/local/texlive/2017/texmf-dist/tex/latex/pgf/utilities/pgfkeys.sty
(/usr/local/texlive/2017/texmf-dist/tex/generic/pgf/utilities/pgfkeys.code.tex)
) (/usr/local/texlive/2017/texmf-dist/tex/latex/pgf/math/pgfmath.sty
(/usr/local/texlive/2017/texmf-dist/tex/generic/pgf/math/pgfmath.code.tex))
(/usr/local/texlive/2017/texmf-dist/tex/generic/pgf/utilities/pgffor.code.tex
Package: pgffor 2013/12/13 v3.0.1a (rcs-revision 1.25)

(/usr/local/texlive/2017/texmf-dist/tex/generic/pgf/math/pgfmath.code.tex)
\pgffor@iter=\dimen146
\pgffor@skip=\dimen147
\pgffor@stack=\toks25
\pgffor@toks=\toks26
))
(/usr/local/texlive/2017/texmf-dist/tex/generic/pgf/frontendlayer/tikz/tikz.cod
e.tex
Package: tikz 2015/08/07 v3.0.1a (rcs-revision 1.151)

(/usr/local/texlive/2017/texmf-dist/tex/generic/pgf/libraries/pgflibraryplothan
dlers.code.tex
File: pgflibraryplothandlers.code.tex 2013/08/31 v3.0.1a (rcs-revision 1.20)
\pgf@plot@mark@count=\count108
\pgfplotmarksize=\dimen148
)
\tikz@lastx=\dimen149
\tikz@lasty=\dimen150
\tikz@lastxsaved=\dimen151
\tikz@lastysaved=\dimen152
\tikzleveldistance=\dimen153
\tikzsiblingdistance=\dimen154
\tikz@figbox=\box33
\tikz@figbox@bg=\box34
\tikz@tempbox=\box35
\tikz@tempbox@bg=\box36
\tikztreelevel=\count109
\tikznumberofchildren=\count110
\tikznumberofcurrentchild=\count111
\tikz@fig@count=\count112

(/usr/local/texlive/2017/texmf-dist/tex/generic/pgf/modules/pgfmodulematrix.cod
e.tex
File: pgfmodulematrix.code.tex 2013/09/17  (rcs-revision 1.8)
\pgfmatrixcurrentrow=\count113
\pgfmatrixcurrentcolumn=\count114
\pgf@matrix@numberofcolumns=\count115
)
\tikz@expandcount=\count116

(/usr/local/texlive/2017/texmf-dist/tex/generic/pgf/frontendlayer/tikz/librarie
s/tikzlibrarytopaths.code.tex
File: tikzlibrarytopaths.code.tex 2008/06/17 v3.0.1a (rcs-revision 1.2)
)))
(/usr/local/texlive/2017/texmf-dist/tex/latex/chngcntr/chngcntr.sty
Package: chngcntr 2009/09/02 v1.0a change counter resetting
)
(/usr/local/texlive/2017/texmf-dist/tex/latex/setspace/setspace.sty
Package: setspace 2011/12/19 v6.7a set line spacing
)
(/usr/local/texlive/2017/texmf-dist/tex/latex/amsmath/amsmath.sty
Package: amsmath 2017/09/02 v2.17a AMS math features
\@mathmargin=\skip53

For additional information on amsmath, use the `?' option.
(/usr/local/texlive/2017/texmf-dist/tex/latex/amsmath/amstext.sty
Package: amstext 2000/06/29 v2.01 AMS text

(/usr/local/texlive/2017/texmf-dist/tex/latex/amsmath/amsgen.sty
File: amsgen.sty 1999/11/30 v2.0 generic functions
\@emptytoks=\toks27
\ex@=\dimen155
))
(/usr/local/texlive/2017/texmf-dist/tex/latex/amsmath/amsbsy.sty
Package: amsbsy 1999/11/29 v1.2d Bold Symbols
\pmbraise@=\dimen156
)
(/usr/local/texlive/2017/texmf-dist/tex/latex/amsmath/amsopn.sty
Package: amsopn 2016/03/08 v2.02 operator names
)
\inf@bad=\count117
LaTeX Info: Redefining \frac on input line 213.
\uproot@=\count118
\leftroot@=\count119
LaTeX Info: Redefining \overline on input line 375.
\classnum@=\count120
\DOTSCASE@=\count121
LaTeX Info: Redefining \ldots on input line 472.
LaTeX Info: Redefining \dots on input line 475.
LaTeX Info: Redefining \cdots on input line 596.
\Mathstrutbox@=\box37
\strutbox@=\box38
\big@size=\dimen157
LaTeX Font Info:    Redeclaring font encoding OML on input line 712.
LaTeX Font Info:    Redeclaring font encoding OMS on input line 713.
\macc@depth=\count122
\c@MaxMatrixCols=\count123
\dotsspace@=\muskip11
\c@parentequation=\count124
\dspbrk@lvl=\count125
\tag@help=\toks28
\row@=\count126
\column@=\count127
\maxfields@=\count128
\andhelp@=\toks29
\eqnshift@=\dimen158
\alignsep@=\dimen159
\tagshift@=\dimen160
\tagwidth@=\dimen161
\totwidth@=\dimen162
\lineht@=\dimen163
\@envbody=\toks30
\multlinegap=\skip54
\multlinetaggap=\skip55
\mathdisplay@stack=\toks31
LaTeX Info: Redefining \[ on input line 2817.
LaTeX Info: Redefining \] on input line 2818.
)
(/usr/local/texlive/2017/texmf-dist/tex/latex/amsfonts/amssymb.sty
Package: amssymb 2013/01/14 v3.01 AMS font symbols

(/usr/local/texlive/2017/texmf-dist/tex/latex/amsfonts/amsfonts.sty
Package: amsfonts 2013/01/14 v3.01 Basic AMSFonts support
\symAMSa=\mathgroup4
\symAMSb=\mathgroup5
LaTeX Font Info:    Overwriting math alphabet `\mathfrak' in version `bold'
(Font)                  U/euf/m/n --> U/euf/b/n on input line 106.
))
(/usr/local/texlive/2017/texmf-dist/tex/latex/amscls/amsthm.sty
Package: amsthm 2015/03/04 v2.20.2
\thm@style=\toks32
\thm@bodyfont=\toks33
\thm@headfont=\toks34
\thm@notefont=\toks35
\thm@headpunct=\toks36
\thm@preskip=\skip56
\thm@postskip=\skip57
\thm@headsep=\skip58
\dth@everypar=\toks37
)
(/usr/local/texlive/2017/texmf-dist/tex/latex/float/float.sty
Package: float 2001/11/08 v1.3d Float enhancements (AL)
\c@float@type=\count129
\float@exts=\toks38
\float@box=\box39
\@float@everytoks=\toks39
\@floatcapt=\box40
)
(/usr/local/texlive/2017/texmf-dist/tex/latex/subfig/subfig.sty
Package: subfig 2005/06/28 ver: 1.3 subfig package

(/usr/local/texlive/2017/texmf-dist/tex/latex/caption/caption.sty
Package: caption 2016/02/21 v3.3-144 Customizing captions (AR)

(/usr/local/texlive/2017/texmf-dist/tex/latex/caption/caption3.sty
Package: caption3 2016/05/22 v1.7-166 caption3 kernel (AR)
Package caption3 Info: TeX engine: e-TeX on input line 67.
\captionmargin=\dimen164
\captionmargin@=\dimen165
\captionwidth=\dimen166
\caption@tempdima=\dimen167
\caption@indent=\dimen168
\caption@parindent=\dimen169
\caption@hangindent=\dimen170
)
\c@ContinuedFloat=\count130
Package caption Info: float package is loaded.
Package caption Info: hyperref package is loaded.
)
\c@KVtest=\count131
\sf@farskip=\skip59
\sf@captopadj=\dimen171
\sf@capskip=\skip60
\sf@nearskip=\skip61
\c@subfigure=\count132
\c@subfigure@save=\count133
\c@lofdepth=\count134
\c@subtable=\count135
\c@subtable@save=\count136
\c@lotdepth=\count137
\sf@top=\skip62
\sf@bottom=\skip63
)
(/usr/local/texlive/2017/texmf-dist/tex/latex/environ/environ.sty
Package: environ 2014/05/04 v0.3 A new way to define environments

(/usr/local/texlive/2017/texmf-dist/tex/latex/trimspaces/trimspaces.sty
Package: trimspaces 2009/09/17 v1.1 Trim spaces around a token list
))
(/usr/local/texlive/2017/texmf-dist/tex/latex/tools/enumerate.sty
Package: enumerate 2015/07/23 v3.00 enumerate extensions (DPC)
\@enLab=\toks40
)
\c@theorem=\count138

(./report.aux)
\openout1 = `report.aux'.

LaTeX Font Info:    Checking defaults for OML/cmm/m/it on input line 97.
LaTeX Font Info:    ... okay on input line 97.
LaTeX Font Info:    Checking defaults for T1/cmr/m/n on input line 97.
LaTeX Font Info:    ... okay on input line 97.
LaTeX Font Info:    Checking defaults for OT1/cmr/m/n on input line 97.
LaTeX Font Info:    ... okay on input line 97.
LaTeX Font Info:    Checking defaults for OMS/cmsy/m/n on input line 97.
LaTeX Font Info:    ... okay on input line 97.
LaTeX Font Info:    Checking defaults for OMX/cmex/m/n on input line 97.
LaTeX Font Info:    ... okay on input line 97.
LaTeX Font Info:    Checking defaults for U/cmr/m/n on input line 97.
LaTeX Font Info:    ... okay on input line 97.
LaTeX Font Info:    Checking defaults for PD1/pdf/m/n on input line 97.
LaTeX Font Info:    ... okay on input line 97.
LaTeX Font Info:    Try loading font information for OT1+ppl on input line 97.
 (/usr/local/texlive/2017/texmf-dist/tex/latex/psnfss/ot1ppl.fd
File: ot1ppl.fd 2001/06/04 font definitions for OT1/ppl.
)
\AtBeginShipoutBox=\box41
Package hyperref Info: Link coloring OFF on input line 97.

(/usr/local/texlive/2017/texmf-dist/tex/latex/hyperref/nameref.sty
Package: nameref 2016/05/21 v2.44 Cross-referencing by name of section

(/usr/local/texlive/2017/texmf-dist/tex/generic/oberdiek/gettitlestring.sty
Package: gettitlestring 2016/05/16 v1.5 Cleanup title references (HO)
)
\c@section@level=\count139
)
LaTeX Info: Redefining \ref on input line 97.
LaTeX Info: Redefining \pageref on input line 97.
LaTeX Info: Redefining \nameref on input line 97.

(./report.out) (./report.out)
\@outlinefile=\write4
\openout4 = `report.out'.

 ABD: EveryShipout initializing macros
(/usr/local/texlive/2017/texmf-dist/tex/context/base/mkii/supp-pdf.mkii
[Loading MPS to PDF converter (version 2006.09.02).]
\scratchcounter=\count140
\scratchdimen=\dimen172
\scratchbox=\box42
\nofMPsegments=\count141
\nofMParguments=\count142
\everyMPshowfont=\toks41
\MPscratchCnt=\count143
\MPscratchDim=\dimen173
\MPnumerator=\count144
\makeMPintoPDFobject=\count145
\everyMPtoPDFconversion=\toks42
) (/usr/local/texlive/2017/texmf-dist/tex/latex/oberdiek/epstopdf-base.sty
Package: epstopdf-base 2016/05/15 v2.6 Base part for package epstopdf

(/usr/local/texlive/2017/texmf-dist/tex/latex/oberdiek/grfext.sty
Package: grfext 2016/05/16 v1.2 Manage graphics extensions (HO)
)
Package epstopdf-base Info: Redefining graphics rule for `.eps' on input line 4
38.
Package grfext Info: Graphics extension search list:
(grfext)             [.pdf,.png,.jpg,.mps,.jpeg,.jbig2,.jb2,.PDF,.PNG,.JPG,.JPE
G,.JBIG2,.JB2,.eps]
(grfext)             \AppendGraphicsExtensions on input line 456.

(/usr/local/texlive/2017/texmf-dist/tex/latex/latexconfig/epstopdf-sys.cfg
File: epstopdf-sys.cfg 2010/07/13 v1.3 Configuration of (r)epstopdf for TeX Liv
e
))
Package caption Info: Begin \AtBeginDocument code.
Package caption Info: subfig package v1.3 is loaded.
Package caption Info: End \AtBeginDocument code.
LaTeX Font Info:    Font shape `OT1/ppl/bx/n' in size <24.88> not available
(Font)              Font shape `OT1/ppl/b/n' tried instead on input line 103.
<images/sb_logo_black.png, id=103, 62.8749pt x 122.859pt>
File: images/sb_logo_black.png Graphic file (type png)
<use images/sb_logo_black.png>
Package pdftex.def Info: images/sb_logo_black.png  used on input line 109. on i
nput line 109.
Package pdftex.def Info: Requested size: 88.02423pt x 172.00139pt on input line
 109.
LaTeX Font Info:    Font shape `OT1/ppl/bx/n' in size <17.28> not available
(Font)              Font shape `OT1/ppl/b/n' tried instead on input line 111.

[1

{/usr/local/texlive/2017/texmf-var/fonts/map/pdftex/updmap/pdftex.map} <./image
s/sb_logo_black.png>]
LaTeX Font Info:    Font shape `OT1/ppl/bx/n' in size <12> not available
(Font)              Font shape `OT1/ppl/b/n' tried instead on input line 128.
LaTeX Font Info:    Try loading font information for U+msa on input line 130.

(/usr/local/texlive/2017/texmf-dist/tex/latex/amsfonts/umsa.fd
File: umsa.fd 2013/01/14 v3.01 AMS symbols A
)
LaTeX Font Info:    Try loading font information for U+msb on input line 130.

(/usr/local/texlive/2017/texmf-dist/tex/latex/amsfonts/umsb.fd
File: umsb.fd 2013/01/14 v3.01 AMS symbols B
)
LaTeX Font Info:    Font shape `OT1/ppl/bx/it' in size <12> not available
(Font)              Font shape `OT1/ppl/b/it' tried instead on input line 134.
pdfTeX warning (ext4): destination with the same identifier (name{page.1}) has 
been already used, duplicate ignored
<to be read again> 
                   \relax 
l.137 \end{abstract}
                     [1] (./report.toc)
\tf@toc=\write5
\openout5 = `report.toc'.

File: images/sb_logo_black.png Graphic file (type png)
<use images/sb_logo_black.png>
Package pdftex.def Info: images/sb_logo_black.png  used on input line 143. on i
nput line 143.
Package pdftex.def Info: Requested size: 22.00653pt x 43.00128pt on input line 
143.


Package Fancyhdr Warning: \footskip is too small (28.45274pt): 
 Make it at least 43.00128pt.
 We now make it that large for the rest of the document.
 This may cause the page layout to be inconsistent, however.

pdfTeX warning (ext4): destination with the same identifier (name{page.1}) has 
been already used, duplicate ignored
<to be read again> 
                   \relax 
l.143 \newpage
               [1] (./texfiles/outline.tex)
File: images/sb_logo_black.png Graphic file (type png)
<use images/sb_logo_black.png>
Package pdftex.def Info: images/sb_logo_black.png  used on input line 157. on i
nput line 157.
Package pdftex.def Info: Requested size: 22.00653pt x 43.00128pt on input line 
157.
 [2] (./texfiles/genesis.tex
LaTeX Font Info:    Font shape `OT1/ppl/bx/n' in size <14.4> not available
(Font)              Font shape `OT1/ppl/b/n' tried instead on input line 2.

Underfull \hbox (badness 10000) in paragraph at lines 14--31

 []


LaTeX Warning: No positions in optional float specifier.
               Default added (so using `tbp') on input line 45.

File: images/sb_logo_black.png Graphic file (type png)
<use images/sb_logo_black.png>
Package pdftex.def Info: images/sb_logo_black.png  used on input line 60. on in
put line 60.
Package pdftex.def Info: Requested size: 22.00653pt x 43.00128pt on input line 
60.
[3]
File: images/sb_logo_black.png Graphic file (type png)
<use images/sb_logo_black.png>
Package pdftex.def Info: images/sb_logo_black.png  used on input line 93. on in
put line 93.
Package pdftex.def Info: Requested size: 22.00653pt x 43.00128pt on input line 
93.
 [4]) (./texfiles/generalizations.tex
Underfull \hbox (badness 10000) in paragraph at lines 2--11

 []

LaTeX Font Info:    Try loading font information for OMS+ppl on input line 29.
(/usr/local/texlive/2017/texmf-dist/tex/latex/psnfss/omsppl.fd
File: omsppl.fd 
)
LaTeX Font Info:    Font shape `OMS/ppl/m/n' in size <12> not available
(Font)              Font shape `OMS/cmsy/m/n' tried instead on input line 29.
File: images/sb_logo_black.png Graphic file (type png)
<use images/sb_logo_black.png>
Package pdftex.def Info: images/sb_logo_black.png  used on input line 59. on in
put line 59.
Package pdftex.def Info: Requested size: 22.00653pt x 43.00128pt on input line 
59.
 [5]

Package hyperref Warning: Token not allowed in a PDF string (PDFDocEncoding):
(hyperref)                removing `math shift' on input line 73.


Package hyperref Warning: Token not allowed in a PDF string (PDFDocEncoding):
(hyperref)                removing `math shift' on input line 73.


Underfull \hbox (badness 10000) in paragraph at lines 74--83

 []

File: images/sb_logo_black.png Graphic file (type png)
<use images/sb_logo_black.png>
Package pdftex.def Info: images/sb_logo_black.png  used on input line 101. on i
nput line 101.
Package pdftex.def Info: Requested size: 22.00653pt x 43.00128pt on input line 
101.
[6]) (./texfiles/twotrees.tex
File: images/sb_logo_black.png Graphic file (type png)
<use images/sb_logo_black.png>
Package pdftex.def Info: images/sb_logo_black.png  used on input line 33. on in
put line 33.
Package pdftex.def Info: Requested size: 22.00653pt x 43.00128pt on input line 
33.
 [7]) (./texfiles/longpregnancy.tex
File: images/sb_logo_black.png Graphic file (type png)
<use images/sb_logo_black.png>
Package pdftex.def Info: images/sb_logo_black.png  used on input line 53. on in
put line 53.
Package pdftex.def Info: Requested size: 22.00653pt x 43.00128pt on input line 
53.
 [8]
<images/optimal_betahat_Aug17.png, id=190, 702.625pt x 451.6875pt>
File: images/optimal_betahat_Aug17.png Graphic file (type png)
<use images/optimal_betahat_Aug17.png>
Package pdftex.def Info: images/optimal_betahat_Aug17.png  used on input line 7
4. on input line 74.
Package pdftex.def Info: Requested size: 562.10075pt x 361.35048pt on input lin
e 74.

Overfull \hbox (78.40392pt too wide) in paragraph at lines 74--74
 [][] 
 []

<images/overlaid_unit_fitness.png, id=191, 702.625pt x 451.6875pt>
File: images/overlaid_unit_fitness.png Graphic file (type png)
<use images/overlaid_unit_fitness.png>
Package pdftex.def Info: images/overlaid_unit_fitness.png  used on input line 7
8. on input line 78.
Package pdftex.def Info: Requested size: 562.10075pt x 361.35048pt on input lin
e 78.

Overfull \hbox (78.40392pt too wide) in paragraph at lines 78--78
 [][] 
 []

File: images/sb_logo_black.png Graphic file (type png)
<use images/sb_logo_black.png>
Package pdftex.def Info: images/sb_logo_black.png  used on input line 79. on in
put line 79.
Package pdftex.def Info: Requested size: 22.00653pt x 43.00128pt on input line 
79.
[9]
<images/overlaid_binom.png, id=196, 702.625pt x 451.6875pt>
File: images/overlaid_binom.png Graphic file (type png)
<use images/overlaid_binom.png>
Package pdftex.def Info: images/overlaid_binom.png  used on input line 82. on i
nput line 82.
Package pdftex.def Info: Requested size: 562.10075pt x 361.35048pt on input lin
e 82.

Overfull \hbox (78.40392pt too wide) in paragraph at lines 82--82
 [][] 
 []

File: images/sb_logo_black.png Graphic file (type png)
<use images/sb_logo_black.png>
Package pdftex.def Info: images/sb_logo_black.png  used on input line 83. on in
put line 83.
Package pdftex.def Info: Requested size: 22.00653pt x 43.00128pt on input line 
83.
[10 <./images/optimal_betahat_Aug17.png>]
<images/unit_fitness_no_pc.png, id=203, 702.625pt x 451.6875pt>
File: images/unit_fitness_no_pc.png Graphic file (type png)
<use images/unit_fitness_no_pc.png>
Package pdftex.def Info: images/unit_fitness_no_pc.png  used on input line 86. 
on input line 86.
Package pdftex.def Info: Requested size: 562.10075pt x 361.35048pt on input lin
e 86.

Overfull \hbox (78.40392pt too wide) in paragraph at lines 86--86
 [][] 
 []

File: images/sb_logo_black.png Graphic file (type png)
<use images/sb_logo_black.png>
Package pdftex.def Info: images/sb_logo_black.png  used on input line 87. on in
put line 87.
Package pdftex.def Info: Requested size: 22.00653pt x 43.00128pt on input line 
87.
[11 <./images/overlaid_unit_fitness.png>]
File: images/sb_logo_black.png Graphic file (type png)
<use images/sb_logo_black.png>
Package pdftex.def Info: images/sb_logo_black.png  used on input line 88. on in
put line 88.
Package pdftex.def Info: Requested size: 22.00653pt x 43.00128pt on input line 
88.
 [12 <./images/overlaid_binom.png>]
Underfull \hbox (badness 10000) in paragraph at lines 90--96

 []


Overfull \hbox (26.58348pt too wide) in paragraph at lines 96--101
\OT1/ppl/m/n/12 graphic ma-trix $\OML/cmm/m/it/12 L$\OT1/ppl/m/n/12 , its lead-
ing eigen-value $\OML/cmm/m/it/12 r$\OT1/ppl/m/n/12 , and its cor-re-spond-ing 
eigen-vec-tor $[]$
 []

File: images/sb_logo_black.png Graphic file (type png)
<use images/sb_logo_black.png>
Package pdftex.def Info: images/sb_logo_black.png  used on input line 102. on i
nput line 102.
Package pdftex.def Info: Requested size: 22.00653pt x 43.00128pt on input line 
102.
[13 <./images/unit_fitness_no_pc.png>]
Underfull \hbox (badness 10000) in paragraph at lines 137--139

 []


Underfull \hbox (badness 10000) in paragraph at lines 137--139

 []


Underfull \hbox (badness 10000) in paragraph at lines 148--153

 []


Underfull \hbox (badness 10000) in paragraph at lines 148--153

 []

File: images/sb_logo_black.png Graphic file (type png)
<use images/sb_logo_black.png>
Package pdftex.def Info: images/sb_logo_black.png  used on input line 153. on i
nput line 153.
Package pdftex.def Info: Requested size: 22.00653pt x 43.00128pt on input line 
153.
[14]) (./texfiles/measure_theory.tex
File: images/sb_logo_black.png Graphic file (type png)
<use images/sb_logo_black.png>
Package pdftex.def Info: images/sb_logo_black.png  used on input line 15. on in
put line 15.
Package pdftex.def Info: Requested size: 22.00653pt x 43.00128pt on input line 
15.
 [15]
File: images/sb_logo_black.png Graphic file (type png)
<use images/sb_logo_black.png>
Package pdftex.def Info: images/sb_logo_black.png  used on input line 50. on in
put line 50.
Package pdftex.def Info: Requested size: 22.00653pt x 43.00128pt on input line 
50.
 [16]
File: images/sb_logo_black.png Graphic file (type png)
<use images/sb_logo_black.png>
Package pdftex.def Info: images/sb_logo_black.png  used on input line 76. on in
put line 76.
Package pdftex.def Info: Requested size: 22.00653pt x 43.00128pt on input line 
76.
 [17]
<images/life_histories.png, id=240, 702.625pt x 451.6875pt>
File: images/life_histories.png Graphic file (type png)
<use images/life_histories.png>
Package pdftex.def Info: images/life_histories.png  used on input line 87. on i
nput line 87.
Package pdftex.def Info: Requested size: 562.10075pt x 361.35048pt on input lin
e 87.

Overfull \hbox (78.40392pt too wide) in paragraph at lines 87--88
[][] 
 []


Underfull \hbox (badness 10000) in paragraph at lines 87--88

 []

<images/zoomed_life_histories.png, id=241, 702.625pt x 451.6875pt>
File: images/zoomed_life_histories.png Graphic file (type png)
<use images/zoomed_life_histories.png>
Package pdftex.def Info: images/zoomed_life_histories.png  used on input line 9
4. on input line 94.
Package pdftex.def Info: Requested size: 562.10075pt x 361.35048pt on input lin
e 94.

Overfull \hbox (78.40392pt too wide) in paragraph at lines 94--95
[][] 
 []


Underfull \hbox (badness 10000) in paragraph at lines 94--95

 []

File: images/sb_logo_black.png Graphic file (type png)
<use images/sb_logo_black.png>
Package pdftex.def Info: images/sb_logo_black.png  used on input line 96. on in
put line 96.
Package pdftex.def Info: Requested size: 22.00653pt x 43.00128pt on input line 
96.
[18 <./images/life_histories.png>]
File: images/sb_logo_black.png Graphic file (type png)
<use images/sb_logo_black.png>
Package pdftex.def Info: images/sb_logo_black.png  used on input line 107. on i
nput line 107.
Package pdftex.def Info: Requested size: 22.00653pt x 43.00128pt on input line 
107.
 [19 <./images/zoomed_life_histories.png>]
Underfull \hbox (badness 10000) in paragraph at lines 112--115

 []


Underfull \hbox (badness 10000) in paragraph at lines 112--115

 []


Underfull \hbox (badness 10000) in paragraph at lines 116--117

 []


Underfull \hbox (badness 10000) in paragraph at lines 116--117

 []

File: images/sb_logo_black.png Graphic file (type png)
<use images/sb_logo_black.png>
Package pdftex.def Info: images/sb_logo_black.png  used on input line 135. on i
nput line 135.
Package pdftex.def Info: Requested size: 22.00653pt x 43.00128pt on input line 
135.
[20]) (./texfiles/survival.tex
File: images/sb_logo_black.png Graphic file (type png)
<use images/sb_logo_black.png>
Package pdftex.def Info: images/sb_logo_black.png  used on input line 6. on inp
ut line 6.
Package pdftex.def Info: Requested size: 22.00653pt x 43.00128pt on input line 
6.
 [21]
<images/reqd_fec_increase_unit_fitness.png, id=260, 702.625pt x 451.6875pt>
File: images/reqd_fec_increase_unit_fitness.png Graphic file (type png)
<use images/reqd_fec_increase_unit_fitness.png>
Package pdftex.def Info: images/reqd_fec_increase_unit_fitness.png  used on inp
ut line 34. on input line 34.
Package pdftex.def Info: Requested size: 491.83414pt x 316.17908pt on input lin
e 34.

Overfull \hbox (8.1373pt too wide) in paragraph at lines 34--35
 [][] 
 []

<images/reqd_fec_increase_fitness_ge1.png, id=261, 702.625pt x 451.6875pt>
File: images/reqd_fec_increase_fitness_ge1.png Graphic file (type png)
<use images/reqd_fec_increase_fitness_ge1.png>
Package pdftex.def Info: images/reqd_fec_increase_fitness_ge1.png  used on inpu
t line 39. on input line 39.
Package pdftex.def Info: Requested size: 491.83414pt x 316.17908pt on input lin
e 39.

Overfull \hbox (8.1373pt too wide) in paragraph at lines 39--40
 [][] 
 []

File: images/sb_logo_black.png Graphic file (type png)
<use images/sb_logo_black.png>
Package pdftex.def Info: images/sb_logo_black.png  used on input line 41. on in
put line 41.
Package pdftex.def Info: Requested size: 22.00653pt x 43.00128pt on input line 
41.
[22]
<images/reqd_fec_increase_fitness_le1.png, id=272, 702.625pt x 451.6875pt>
File: images/reqd_fec_increase_fitness_le1.png Graphic file (type png)
<use images/reqd_fec_increase_fitness_le1.png>
Package pdftex.def Info: images/reqd_fec_increase_fitness_le1.png  used on inpu
t line 44. on input line 44.
Package pdftex.def Info: Requested size: 491.83414pt x 316.17908pt on input lin
e 44.

Overfull \hbox (8.1373pt too wide) in paragraph at lines 44--45
 [][] 
 []

File: images/sb_logo_black.png Graphic file (type png)
<use images/sb_logo_black.png>
Package pdftex.def Info: images/sb_logo_black.png  used on input line 46. on in
put line 46.
Package pdftex.def Info: Requested size: 22.00653pt x 43.00128pt on input line 
46.
[23 <./images/reqd_fec_increase_unit_fitness.png>]
File: images/sb_logo_black.png Graphic file (type png)
<use images/sb_logo_black.png>
Package pdftex.def Info: images/sb_logo_black.png  used on input line 47. on in
put line 47.
Package pdftex.def Info: Requested size: 22.00653pt x 43.00128pt on input line 
47.
 [24 <./images/reqd_fec_increase_fitness_ge1.png>]
<images/reqd_fec_increase_bigP.png, id=286, 702.625pt x 451.6875pt>
File: images/reqd_fec_increase_bigP.png Graphic file (type png)
<use images/reqd_fec_increase_bigP.png>
Package pdftex.def Info: images/reqd_fec_increase_bigP.png  used on input line 
59. on input line 59.
Package pdftex.def Info: Requested size: 491.83414pt x 316.17908pt on input lin
e 59.

Overfull \hbox (8.1373pt too wide) in paragraph at lines 59--60
 [][] 
 []

File: images/sb_logo_black.png Graphic file (type png)
<use images/sb_logo_black.png>
Package pdftex.def Info: images/sb_logo_black.png  used on input line 62. on in
put line 62.
Package pdftex.def Info: Requested size: 22.00653pt x 43.00128pt on input line 
62.
[25 <./images/reqd_fec_increase_fitness_le1.png>]
<images/reqd_fec_increase_bigP_low_fitness.png, id=293, 702.625pt x 451.6875pt>

File: images/reqd_fec_increase_bigP_low_fitness.png Graphic file (type png)
<use images/reqd_fec_increase_bigP_low_fitness.png>
Package pdftex.def Info: images/reqd_fec_increase_bigP_low_fitness.png  used on
 input line 65. on input line 65.
Package pdftex.def Info: Requested size: 491.83414pt x 316.17908pt on input lin
e 65.

Overfull \hbox (8.1373pt too wide) in paragraph at lines 65--66
 [][] 
 []

File: images/sb_logo_black.png Graphic file (type png)
<use images/sb_logo_black.png>
Package pdftex.def Info: images/sb_logo_black.png  used on input line 68. on in
put line 68.
Package pdftex.def Info: Requested size: 22.00653pt x 43.00128pt on input line 
68.
[26 <./images/reqd_fec_increase_bigP.png>])
(./texfiles/total_reproductive_output.tex
File: images/sb_logo_black.png Graphic file (type png)
<use images/sb_logo_black.png>
Package pdftex.def Info: images/sb_logo_black.png  used on input line 1. on inp
ut line 1.
Package pdftex.def Info: Requested size: 22.00653pt x 43.00128pt on input line 
1.
 [27 <./images/reqd_fec_increase_bigP_low_fitness.png>]
Underfull \hbox (badness 10000) in paragraph at lines 2--3

 []


Underfull \hbox (badness 10000) in paragraph at lines 2--3

 []


Underfull \hbox (badness 10000) in paragraph at lines 4--9

 []


Underfull \hbox (badness 10000) in paragraph at lines 4--9

 []

) (./texfiles/moran_squirrels.tex
File: images/sb_logo_black.png Graphic file (type png)
<use images/sb_logo_black.png>
Package pdftex.def Info: images/sb_logo_black.png  used on input line 9. on inp
ut line 9.
Package pdftex.def Info: Requested size: 22.00653pt x 43.00128pt on input line 
9.
 [28]
File: images/sb_logo_black.png Graphic file (type png)
<use images/sb_logo_black.png>
Package pdftex.def Info: images/sb_logo_black.png  used on input line 38. on in
put line 38.
Package pdftex.def Info: Requested size: 22.00653pt x 43.00128pt on input line 
38.
 [29]) (./texfiles/squirrelly_bandits.tex
Underfull \hbox (badness 10000) in paragraph at lines 6--9

 []


Underfull \hbox (badness 10000) in paragraph at lines 6--9

 []

File: images/sb_logo_black.png Graphic file (type png)
<use images/sb_logo_black.png>
Package pdftex.def Info: images/sb_logo_black.png  used on input line 15. on in
put line 15.
Package pdftex.def Info: Requested size: 22.00653pt x 43.00128pt on input line 
15.
[30])
File: images/sb_logo_black.png Graphic file (type png)
<use images/sb_logo_black.png>
Package pdftex.def Info: images/sb_logo_black.png  used on input line 168. on i
nput line 168.
Package pdftex.def Info: Requested size: 22.00653pt x 43.00128pt on input line 
168.
 [31] (./report.bbl)
File: images/sb_logo_black.png Graphic file (type png)
<use images/sb_logo_black.png>
Package pdftex.def Info: images/sb_logo_black.png  used on input line 177. on i
nput line 177.
Package pdftex.def Info: Requested size: 22.00653pt x 43.00128pt on input line 
177.
 [32]
Package atveryend Info: Empty hook `BeforeClearDocument' on input line 177.
Package atveryend Info: Empty hook `AfterLastShipout' on input line 177.
 (./report.aux)
Package atveryend Info: Executing hook `AtVeryEndDocument' on input line 177.
Package atveryend Info: Executing hook `AtEndAfterFileList' on input line 177.
Package rerunfilecheck Info: File `report.out' has not changed.
(rerunfilecheck)             Checksum: 2F871A31C2369557DBA7C70DF0219CCA;1559.
Package atveryend Info: Empty hook `AtVeryVeryEnd' on input line 177.
 ) 
Here is how much of TeX's memory you used:
 17806 strings out of 492990
 331210 string characters out of 6132621
 489134 words of memory out of 5000000
 20919 multiletter control sequences out of 15000+600000
 22270 words of font info for 65 fonts, out of 8000000 for 9000
 1141 hyphenation exceptions out of 8191
 55i,16n,54p,408b,614s stack positions out of 5000i,500n,10000p,200000b,80000s
{/usr/local/texlive/2017/texmf-dist/fonts/enc/dvips/base/8r.enc}</usr/local/t
exlive/2017/texmf-dist/fonts/type1/public/amsfonts/cm/cmex10.pfb></usr/local/te
xlive/2017/texmf-dist/fonts/type1/public/amsfonts/cm/cmmi12.pfb></usr/local/tex
live/2017/texmf-dist/fonts/type1/public/amsfonts/cm/cmmi6.pfb></usr/local/texli
ve/2017/texmf-dist/fonts/type1/public/amsfonts/cm/cmmi8.pfb></usr/local/texlive
/2017/texmf-dist/fonts/type1/public/amsfonts/cm/cmr12.pfb></usr/local/texlive/2
017/texmf-dist/fonts/type1/public/amsfonts/cm/cmr6.pfb></usr/local/texlive/2017
/texmf-dist/fonts/type1/public/amsfonts/cm/cmr8.pfb></usr/local/texlive/2017/te
xmf-dist/fonts/type1/public/amsfonts/cm/cmsy10.pfb></usr/local/texlive/2017/tex
mf-dist/fonts/type1/public/amsfonts/cm/cmsy8.pfb></usr/local/texlive/2017/texmf
-dist/fonts/type1/public/amsfonts/symbols/msam10.pfb></usr/local/texlive/2017/t
exmf-dist/fonts/type1/public/amsfonts/symbols/msbm10.pfb></usr/local/texlive/20
17/texmf-dist/fonts/type1/public/amsfonts/symbols/msbm7.pfb></usr/local/texlive
/2017/texmf-dist/fonts/type1/urw/palatino/uplb8a.pfb></usr/local/texlive/2017/t
exmf-dist/fonts/type1/urw/palatino/uplbi8a.pfb></usr/local/texlive/2017/texmf-d
ist/fonts/type1/urw/palatino/uplr8a.pfb></usr/local/texlive/2017/texmf-dist/fon
ts/type1/urw/palatino/uplri8a.pfb>
Output written on report.pdf (34 pages, 431837 bytes).
PDF statistics:
 404 PDF objects out of 1000 (max. 8388607)
 324 compressed objects within 4 object streams
 77 named destinations out of 1000 (max. 500000)
 265 words of extra memory for PDF output out of 10000 (max. 10000000)

