\BOOKMARK [1][-]{section.1}{Outline}{}% 1
\BOOKMARK [1][-]{section.2}{Genesis}{}% 2
\BOOKMARK [2][-]{subsection.2.1}{Squirrels}{section.2}% 3
\BOOKMARK [2][-]{subsection.2.2}{Squirrels banking}{section.2}% 4
\BOOKMARK [2][-]{subsection.2.3}{Fitness of a homogeneous population}{section.2}% 5
\BOOKMARK [2][-]{subsection.2.4}{Optimal fitness}{section.2}% 6
\BOOKMARK [1][-]{section.3}{Generalizations}{}% 7
\BOOKMARK [2][-]{subsection.3.1}{The Leslie matrix}{section.3}% 8
\BOOKMARK [2][-]{subsection.3.2}{Limiting frequency of time spent at \040argument}{section.3}% 9
\BOOKMARK [1][-]{section.4}{QUESTIONS/COMMENTS}{}% 10
\BOOKMARK [1][-]{section.5}{Two trees}{}% 11
\BOOKMARK [1][-]{section.6}{Lengthy Pregnancy}{}% 12
\BOOKMARK [1][-]{section.7}{Measure Theoretic Approach}{}% 13
\BOOKMARK [2][-]{subsection.7.1}{For concreteness, Leslie matrices as an example}{section.7}% 14
\BOOKMARK [2][-]{subsection.7.2}{Back to abstract measure theory stuff}{section.7}% 15
\BOOKMARK [2][-]{subsection.7.3}{Corrections}{section.7}% 16
\BOOKMARK [2][-]{subsection.7.4}{Examples of life history displays}{section.7}% 17
\BOOKMARK [2][-]{subsection.7.5}{Summing up all contributions}{section.7}% 18
\BOOKMARK [1][-]{section.8}{Playing with survival rates}{}% 19
\BOOKMARK [2][-]{subsection.8.1}{Age structured model}{section.8}% 20
\BOOKMARK [2][-]{subsection.8.2}{A conspiracy theory}{section.8}% 21
\BOOKMARK [1][-]{section.9}{Total Reproductive Output}{}% 22
\BOOKMARK [1][-]{section.10}{Moran Squirrels}{}% 23
\BOOKMARK [1][-]{section.11}{Squirrelly Bandits}{}% 24
\BOOKMARK [1][-]{section.12}{Life History Discounting}{}% 25
\BOOKMARK [2][-]{subsection.12.1}{Optimal distribution for }{section.12}% 26
\BOOKMARK [2][-]{subsection.12.2}{Discounting in Squirrel Banking}{section.12}% 27
